<?xml version="1.0" encoding="UTF-8"?>
<checkstyle version="8.19">
<file name="C:\Users\Ashutosh\Downloads\drools-distribution-7.47.0.Final\examples\sources\src\main\java\org\drools\benchmark\DroolsBenchmarkExamplesApp.java">
<error line="19" severity="error" message="Using the &apos;.*&apos; form of import should be avoided - java.awt.*." source="com.puppycrawl.tools.checkstyle.checks.imports.AvoidStarImportCheck"/>
<error line="22" severity="error" message="Using the &apos;.*&apos; form of import should be avoided - javax.swing.*." source="com.puppycrawl.tools.checkstyle.checks.imports.AvoidStarImportCheck"/>
<error line="23" severity="error" message="&apos;org.drools.benchmark.waltz.WaltzBenchmark&apos; should be separated from previous import group by one line." source="com.puppycrawl.tools.checkstyle.checks.imports.CustomImportOrderCheck"/>
</file>
<file name="C:\Users\Ashutosh\Downloads\drools-distribution-7.47.0.Final\examples\sources\src\main\java\org\drools\benchmark\waltz\Edge.java">
</file>
<file name="C:\Users\Ashutosh\Downloads\drools-distribution-7.47.0.Final\examples\sources\src\main\java\org\drools\benchmark\waltz\Junction.java">
</file>
<file name="C:\Users\Ashutosh\Downloads\drools-distribution-7.47.0.Final\examples\sources\src\main\java\org\drools\benchmark\waltz\Line.java">
</file>
<file name="C:\Users\Ashutosh\Downloads\drools-distribution-7.47.0.Final\examples\sources\src\main\java\org\drools\benchmark\waltz\Stage.java">
<error line="25" severity="error" message="&apos;java.io.Serializable&apos; should be separated from previous import group by one line." source="com.puppycrawl.tools.checkstyle.checks.imports.CustomImportOrderCheck"/>
<error line="89" severity="error" message="&apos;else&apos; construct must use &apos;{}&apos;s." source="com.puppycrawl.tools.checkstyle.checks.blocks.NeedBracesCheck"/>
</file>
<file name="C:\Users\Ashutosh\Downloads\drools-distribution-7.47.0.Final\examples\sources\src\main\java\org\drools\benchmark\waltz\WaltzBenchmark.java">
</file>
<file name="C:\Users\Ashutosh\Downloads\drools-distribution-7.47.0.Final\examples\sources\src\main\java\org\drools\benchmark\waltz\WaltzUtil.java">
<error line="85" severity="error" message="&apos;if&apos; construct must use &apos;{}&apos;s." source="com.puppycrawl.tools.checkstyle.checks.blocks.NeedBracesCheck"/>
<error line="93" severity="error" message="&apos;if&apos; construct must use &apos;{}&apos;s." source="com.puppycrawl.tools.checkstyle.checks.blocks.NeedBracesCheck"/>
<error line="95" severity="error" message="&apos;if&apos; construct must use &apos;{}&apos;s." source="com.puppycrawl.tools.checkstyle.checks.blocks.NeedBracesCheck"/>
<error line="142" severity="error" message="&apos;if&apos; construct must use &apos;{}&apos;s." source="com.puppycrawl.tools.checkstyle.checks.blocks.NeedBracesCheck"/>
</file>
<file name="C:\Users\Ashutosh\Downloads\drools-distribution-7.47.0.Final\examples\sources\src\main\java\org\drools\benchmark\waltzdb\Edge.java">
<error line="59" severity="error" message="&apos;if&apos; construct must use &apos;{}&apos;s." source="com.puppycrawl.tools.checkstyle.checks.blocks.NeedBracesCheck"/>
<error line="61" severity="error" message="&apos;if&apos; construct must use &apos;{}&apos;s." source="com.puppycrawl.tools.checkstyle.checks.blocks.NeedBracesCheck"/>
<error line="63" severity="error" message="&apos;if&apos; construct must use &apos;{}&apos;s." source="com.puppycrawl.tools.checkstyle.checks.blocks.NeedBracesCheck"/>
<error line="66" severity="error" message="&apos;if&apos; construct must use &apos;{}&apos;s." source="com.puppycrawl.tools.checkstyle.checks.blocks.NeedBracesCheck"/>
<error line="68" severity="error" message="&apos;if&apos; construct must use &apos;{}&apos;s." source="com.puppycrawl.tools.checkstyle.checks.blocks.NeedBracesCheck"/>
<error line="70" severity="error" message="&apos;if&apos; construct must use &apos;{}&apos;s." source="com.puppycrawl.tools.checkstyle.checks.blocks.NeedBracesCheck"/>
<error line="73" severity="error" message="&apos;if&apos; construct must use &apos;{}&apos;s." source="com.puppycrawl.tools.checkstyle.checks.blocks.NeedBracesCheck"/>
<error line="75" severity="error" message="&apos;if&apos; construct must use &apos;{}&apos;s." source="com.puppycrawl.tools.checkstyle.checks.blocks.NeedBracesCheck"/>
</file>
<file name="C:\Users\Ashutosh\Downloads\drools-distribution-7.47.0.Final\examples\sources\src\main\java\org\drools\benchmark\waltzdb\EdgeLabel.java">
<error line="46" severity="error" message="&apos;if&apos; construct must use &apos;{}&apos;s." source="com.puppycrawl.tools.checkstyle.checks.blocks.NeedBracesCheck"/>
<error line="48" severity="error" message="&apos;if&apos; construct must use &apos;{}&apos;s." source="com.puppycrawl.tools.checkstyle.checks.blocks.NeedBracesCheck"/>
<error line="50" severity="error" message="&apos;if&apos; construct must use &apos;{}&apos;s." source="com.puppycrawl.tools.checkstyle.checks.blocks.NeedBracesCheck"/>
<error line="54" severity="error" message="&apos;if&apos; construct must use &apos;{}&apos;s." source="com.puppycrawl.tools.checkstyle.checks.blocks.NeedBracesCheck"/>
<error line="56" severity="error" message="&apos;if&apos; construct must use &apos;{}&apos;s." source="com.puppycrawl.tools.checkstyle.checks.blocks.NeedBracesCheck"/>
<error line="59" severity="error" message="&apos;if&apos; construct must use &apos;{}&apos;s." source="com.puppycrawl.tools.checkstyle.checks.blocks.NeedBracesCheck"/>
<error line="61" severity="error" message="&apos;if&apos; construct must use &apos;{}&apos;s." source="com.puppycrawl.tools.checkstyle.checks.blocks.NeedBracesCheck"/>
<error line="63" severity="error" message="&apos;if&apos; construct must use &apos;{}&apos;s." source="com.puppycrawl.tools.checkstyle.checks.blocks.NeedBracesCheck"/>
<error line="65" severity="error" message="&apos;if&apos; construct must use &apos;{}&apos;s." source="com.puppycrawl.tools.checkstyle.checks.blocks.NeedBracesCheck"/>
</file>
<file name="C:\Users\Ashutosh\Downloads\drools-distribution-7.47.0.Final\examples\sources\src\main\java\org\drools\benchmark\waltzdb\Illegal.java">
<error line="40" severity="error" message="&apos;if&apos; construct must use &apos;{}&apos;s." source="com.puppycrawl.tools.checkstyle.checks.blocks.NeedBracesCheck"/>
<error line="42" severity="error" message="&apos;if&apos; construct must use &apos;{}&apos;s." source="com.puppycrawl.tools.checkstyle.checks.blocks.NeedBracesCheck"/>
<error line="44" severity="error" message="&apos;if&apos; construct must use &apos;{}&apos;s." source="com.puppycrawl.tools.checkstyle.checks.blocks.NeedBracesCheck"/>
<error line="47" severity="error" message="&apos;if&apos; construct must use &apos;{}&apos;s." source="com.puppycrawl.tools.checkstyle.checks.blocks.NeedBracesCheck"/>
<error line="50" severity="error" message="&apos;if&apos; construct must use &apos;{}&apos;s." source="com.puppycrawl.tools.checkstyle.checks.blocks.NeedBracesCheck"/>
<error line="52" severity="error" message="&apos;if&apos; construct must use &apos;{}&apos;s." source="com.puppycrawl.tools.checkstyle.checks.blocks.NeedBracesCheck"/>
</file>
<file name="C:\Users\Ashutosh\Downloads\drools-distribution-7.47.0.Final\examples\sources\src\main\java\org\drools\benchmark\waltzdb\Junction.java">
<error line="122" severity="error" message="&apos;if&apos; construct must use &apos;{}&apos;s." source="com.puppycrawl.tools.checkstyle.checks.blocks.NeedBracesCheck"/>
<error line="124" severity="error" message="&apos;if&apos; construct must use &apos;{}&apos;s." source="com.puppycrawl.tools.checkstyle.checks.blocks.NeedBracesCheck"/>
<error line="126" severity="error" message="&apos;if&apos; construct must use &apos;{}&apos;s." source="com.puppycrawl.tools.checkstyle.checks.blocks.NeedBracesCheck"/>
<error line="129" severity="error" message="&apos;if&apos; construct must use &apos;{}&apos;s." source="com.puppycrawl.tools.checkstyle.checks.blocks.NeedBracesCheck"/>
<error line="132" severity="error" message="&apos;if&apos; construct must use &apos;{}&apos;s." source="com.puppycrawl.tools.checkstyle.checks.blocks.NeedBracesCheck"/>
<error line="134" severity="error" message="&apos;if&apos; construct must use &apos;{}&apos;s." source="com.puppycrawl.tools.checkstyle.checks.blocks.NeedBracesCheck"/>
<error line="136" severity="error" message="&apos;if&apos; construct must use &apos;{}&apos;s." source="com.puppycrawl.tools.checkstyle.checks.blocks.NeedBracesCheck"/>
<error line="138" severity="error" message="&apos;if&apos; construct must use &apos;{}&apos;s." source="com.puppycrawl.tools.checkstyle.checks.blocks.NeedBracesCheck"/>
<error line="140" severity="error" message="&apos;if&apos; construct must use &apos;{}&apos;s." source="com.puppycrawl.tools.checkstyle.checks.blocks.NeedBracesCheck"/>
<error line="143" severity="error" message="&apos;if&apos; construct must use &apos;{}&apos;s." source="com.puppycrawl.tools.checkstyle.checks.blocks.NeedBracesCheck"/>
<error line="145" severity="error" message="&apos;if&apos; construct must use &apos;{}&apos;s." source="com.puppycrawl.tools.checkstyle.checks.blocks.NeedBracesCheck"/>
<error line="148" severity="error" message="&apos;if&apos; construct must use &apos;{}&apos;s." source="com.puppycrawl.tools.checkstyle.checks.blocks.NeedBracesCheck"/>
<error line="150" severity="error" message="&apos;if&apos; construct must use &apos;{}&apos;s." source="com.puppycrawl.tools.checkstyle.checks.blocks.NeedBracesCheck"/>
</file>
<file name="C:\Users\Ashutosh\Downloads\drools-distribution-7.47.0.Final\examples\sources\src\main\java\org\drools\benchmark\waltzdb\Label.java">
<error line="88" severity="error" message="&apos;if&apos; construct must use &apos;{}&apos;s." source="com.puppycrawl.tools.checkstyle.checks.blocks.NeedBracesCheck"/>
<error line="90" severity="error" message="&apos;if&apos; construct must use &apos;{}&apos;s." source="com.puppycrawl.tools.checkstyle.checks.blocks.NeedBracesCheck"/>
<error line="92" severity="error" message="&apos;if&apos; construct must use &apos;{}&apos;s." source="com.puppycrawl.tools.checkstyle.checks.blocks.NeedBracesCheck"/>
<error line="96" severity="error" message="&apos;if&apos; construct must use &apos;{}&apos;s." source="com.puppycrawl.tools.checkstyle.checks.blocks.NeedBracesCheck"/>
<error line="98" severity="error" message="&apos;if&apos; construct must use &apos;{}&apos;s." source="com.puppycrawl.tools.checkstyle.checks.blocks.NeedBracesCheck"/>
<error line="101" severity="error" message="&apos;if&apos; construct must use &apos;{}&apos;s." source="com.puppycrawl.tools.checkstyle.checks.blocks.NeedBracesCheck"/>
<error line="103" severity="error" message="&apos;if&apos; construct must use &apos;{}&apos;s." source="com.puppycrawl.tools.checkstyle.checks.blocks.NeedBracesCheck"/>
<error line="106" severity="error" message="&apos;if&apos; construct must use &apos;{}&apos;s." source="com.puppycrawl.tools.checkstyle.checks.blocks.NeedBracesCheck"/>
<error line="108" severity="error" message="&apos;if&apos; construct must use &apos;{}&apos;s." source="com.puppycrawl.tools.checkstyle.checks.blocks.NeedBracesCheck"/>
<error line="111" severity="error" message="&apos;if&apos; construct must use &apos;{}&apos;s." source="com.puppycrawl.tools.checkstyle.checks.blocks.NeedBracesCheck"/>
<error line="113" severity="error" message="&apos;if&apos; construct must use &apos;{}&apos;s." source="com.puppycrawl.tools.checkstyle.checks.blocks.NeedBracesCheck"/>
<error line="116" severity="error" message="&apos;if&apos; construct must use &apos;{}&apos;s." source="com.puppycrawl.tools.checkstyle.checks.blocks.NeedBracesCheck"/>
<error line="118" severity="error" message="&apos;if&apos; construct must use &apos;{}&apos;s." source="com.puppycrawl.tools.checkstyle.checks.blocks.NeedBracesCheck"/>
<error line="121" severity="error" message="&apos;if&apos; construct must use &apos;{}&apos;s." source="com.puppycrawl.tools.checkstyle.checks.blocks.NeedBracesCheck"/>
<error line="123" severity="error" message="&apos;if&apos; construct must use &apos;{}&apos;s." source="com.puppycrawl.tools.checkstyle.checks.blocks.NeedBracesCheck"/>
</file>
<file name="C:\Users\Ashutosh\Downloads\drools-distribution-7.47.0.Final\examples\sources\src\main\java\org\drools\benchmark\waltzdb\Line.java">
<error line="47" severity="error" message="&apos;if&apos; construct must use &apos;{}&apos;s." source="com.puppycrawl.tools.checkstyle.checks.blocks.NeedBracesCheck"/>
<error line="49" severity="error" message="&apos;if&apos; construct must use &apos;{}&apos;s." source="com.puppycrawl.tools.checkstyle.checks.blocks.NeedBracesCheck"/>
<error line="51" severity="error" message="&apos;if&apos; construct must use &apos;{}&apos;s." source="com.puppycrawl.tools.checkstyle.checks.blocks.NeedBracesCheck"/>
<error line="54" severity="error" message="&apos;if&apos; construct must use &apos;{}&apos;s." source="com.puppycrawl.tools.checkstyle.checks.blocks.NeedBracesCheck"/>
<error line="56" severity="error" message="&apos;if&apos; construct must use &apos;{}&apos;s." source="com.puppycrawl.tools.checkstyle.checks.blocks.NeedBracesCheck"/>
</file>
<file name="C:\Users\Ashutosh\Downloads\drools-distribution-7.47.0.Final\examples\sources\src\main\java\org\drools\benchmark\waltzdb\Stage.java">
<error line="51" severity="error" message="&apos;if&apos; construct must use &apos;{}&apos;s." source="com.puppycrawl.tools.checkstyle.checks.blocks.NeedBracesCheck"/>
<error line="53" severity="error" message="&apos;if&apos; construct must use &apos;{}&apos;s." source="com.puppycrawl.tools.checkstyle.checks.blocks.NeedBracesCheck"/>
<error line="55" severity="error" message="&apos;if&apos; construct must use &apos;{}&apos;s." source="com.puppycrawl.tools.checkstyle.checks.blocks.NeedBracesCheck"/>
<error line="59" severity="error" message="&apos;if&apos; construct must use &apos;{}&apos;s." source="com.puppycrawl.tools.checkstyle.checks.blocks.NeedBracesCheck"/>
<error line="61" severity="error" message="&apos;if&apos; construct must use &apos;{}&apos;s." source="com.puppycrawl.tools.checkstyle.checks.blocks.NeedBracesCheck"/>
</file>
<file name="C:\Users\Ashutosh\Downloads\drools-distribution-7.47.0.Final\examples\sources\src\main\java\org\drools\benchmark\waltzdb\WaltzDbBenchmark.java">
<error line="27" column="8" severity="error" message="Unused import - org.kie.internal.runtime.StatefulKnowledgeSession." source="com.puppycrawl.tools.checkstyle.checks.imports.UnusedImportsCheck"/>
<error line="28" severity="error" message="Wrong lexicographical order for &apos;org.kie.api.io.ResourceType&apos; import. Should be before &apos;org.kie.internal.runtime.StatefulKnowledgeSession&apos;." source="com.puppycrawl.tools.checkstyle.checks.imports.CustomImportOrderCheck"/>
<error line="29" severity="error" message="Wrong lexicographical order for &apos;org.kie.api.runtime.KieSession&apos; import. Should be before &apos;org.kie.internal.runtime.StatefulKnowledgeSession&apos;." source="com.puppycrawl.tools.checkstyle.checks.imports.CustomImportOrderCheck"/>
<error line="31" severity="error" message="Import statement for &apos;java.io.BufferedReader&apos; is in the wrong order. Should be in the &apos;STANDARD_JAVA_PACKAGE&apos; group, expecting not assigned imports on this line." source="com.puppycrawl.tools.checkstyle.checks.imports.CustomImportOrderCheck"/>
<error line="32" severity="error" message="Import statement for &apos;java.io.IOException&apos; is in the wrong order. Should be in the &apos;STANDARD_JAVA_PACKAGE&apos; group, expecting not assigned imports on this line." source="com.puppycrawl.tools.checkstyle.checks.imports.CustomImportOrderCheck"/>
<error line="33" severity="error" message="Import statement for &apos;java.io.InputStreamReader&apos; is in the wrong order. Should be in the &apos;STANDARD_JAVA_PACKAGE&apos; group, expecting not assigned imports on this line." source="com.puppycrawl.tools.checkstyle.checks.imports.CustomImportOrderCheck"/>
<error line="34" severity="error" message="Import statement for &apos;java.util.ArrayList&apos; is in the wrong order. Should be in the &apos;STANDARD_JAVA_PACKAGE&apos; group, expecting not assigned imports on this line." source="com.puppycrawl.tools.checkstyle.checks.imports.CustomImportOrderCheck"/>
<error line="35" severity="error" message="Import statement for &apos;java.util.Collection&apos; is in the wrong order. Should be in the &apos;STANDARD_JAVA_PACKAGE&apos; group, expecting not assigned imports on this line." source="com.puppycrawl.tools.checkstyle.checks.imports.CustomImportOrderCheck"/>
<error line="36" severity="error" message="Import statement for &apos;java.util.List&apos; is in the wrong order. Should be in the &apos;STANDARD_JAVA_PACKAGE&apos; group, expecting not assigned imports on this line." source="com.puppycrawl.tools.checkstyle.checks.imports.CustomImportOrderCheck"/>
<error line="37" severity="error" message="Import statement for &apos;java.util.regex.Matcher&apos; is in the wrong order. Should be in the &apos;STANDARD_JAVA_PACKAGE&apos; group, expecting not assigned imports on this line." source="com.puppycrawl.tools.checkstyle.checks.imports.CustomImportOrderCheck"/>
<error line="38" severity="error" message="Import statement for &apos;java.util.regex.Pattern&apos; is in the wrong order. Should be in the &apos;STANDARD_JAVA_PACKAGE&apos; group, expecting not assigned imports on this line." source="com.puppycrawl.tools.checkstyle.checks.imports.CustomImportOrderCheck"/>
</file>
<file name="C:\Users\Ashutosh\Downloads\drools-distribution-7.47.0.Final\examples\sources\src\main\java\org\drools\examples\backwardchaining\HouseOfDoomMain.java">
</file>
<file name="C:\Users\Ashutosh\Downloads\drools-distribution-7.47.0.Final\examples\sources\src\main\java\org\drools\examples\backwardchaining\Location.java">
</file>
<file name="C:\Users\Ashutosh\Downloads\drools-distribution-7.47.0.Final\examples\sources\src\main\java\org\drools\examples\banking\Account.java">
</file>
<file name="C:\Users\Ashutosh\Downloads\drools-distribution-7.47.0.Final\examples\sources\src\main\java\org\drools\examples\banking\AllocatedCashflow.java">
</file>
<file name="C:\Users\Ashutosh\Downloads\drools-distribution-7.47.0.Final\examples\sources\src\main\java\org\drools\examples\banking\BankingExample1.java">
</file>
<file name="C:\Users\Ashutosh\Downloads\drools-distribution-7.47.0.Final\examples\sources\src\main\java\org\drools\examples\banking\BankingExample2.java">
</file>
<file name="C:\Users\Ashutosh\Downloads\drools-distribution-7.47.0.Final\examples\sources\src\main\java\org\drools\examples\banking\BankingExample3.java">
</file>
<file name="C:\Users\Ashutosh\Downloads\drools-distribution-7.47.0.Final\examples\sources\src\main\java\org\drools\examples\banking\BankingExample4.java">
</file>
<file name="C:\Users\Ashutosh\Downloads\drools-distribution-7.47.0.Final\examples\sources\src\main\java\org\drools\examples\banking\BankingExample5.java">
</file>
<file name="C:\Users\Ashutosh\Downloads\drools-distribution-7.47.0.Final\examples\sources\src\main\java\org\drools\examples\banking\BankingExample6.java">
</file>
<file name="C:\Users\Ashutosh\Downloads\drools-distribution-7.47.0.Final\examples\sources\src\main\java\org\drools\examples\banking\BankingExamplesApp.java">
<error line="19" severity="error" message="Using the &apos;.*&apos; form of import should be avoided - javax.swing.*." source="com.puppycrawl.tools.checkstyle.checks.imports.AvoidStarImportCheck"/>
<error line="20" severity="error" message="Import statement for &apos;java.awt.*&apos; is in the wrong order. Should be in the &apos;STANDARD_JAVA_PACKAGE&apos; group, expecting not assigned imports on this line." source="com.puppycrawl.tools.checkstyle.checks.imports.CustomImportOrderCheck"/>
<error line="20" severity="error" message="Using the &apos;.*&apos; form of import should be avoided - java.awt.*." source="com.puppycrawl.tools.checkstyle.checks.imports.AvoidStarImportCheck"/>
<error line="21" severity="error" message="Import statement for &apos;java.awt.event.ActionEvent&apos; is in the wrong order. Should be in the &apos;STANDARD_JAVA_PACKAGE&apos; group, expecting not assigned imports on this line." source="com.puppycrawl.tools.checkstyle.checks.imports.CustomImportOrderCheck"/>
</file>
<file name="C:\Users\Ashutosh\Downloads\drools-distribution-7.47.0.Final\examples\sources\src\main\java\org\drools\examples\banking\Cashflow.java">
</file>
<file name="C:\Users\Ashutosh\Downloads\drools-distribution-7.47.0.Final\examples\sources\src\main\java\org\drools\examples\banking\RuleRunner.java">
<error line="22" severity="error" message="Wrong lexicographical order for &apos;org.drools.core.impl.InternalKnowledgeBase&apos; import. Should be before &apos;org.kie.internal.io.ResourceFactory&apos;." source="com.puppycrawl.tools.checkstyle.checks.imports.CustomImportOrderCheck"/>
<error line="23" severity="error" message="Wrong lexicographical order for &apos;org.drools.core.impl.KnowledgeBaseFactory&apos; import. Should be before &apos;org.kie.internal.io.ResourceFactory&apos;." source="com.puppycrawl.tools.checkstyle.checks.imports.CustomImportOrderCheck"/>
<error line="24" severity="error" message="Wrong lexicographical order for &apos;org.kie.api.definition.KiePackage&apos; import. Should be before &apos;org.kie.internal.io.ResourceFactory&apos;." source="com.puppycrawl.tools.checkstyle.checks.imports.CustomImportOrderCheck"/>
<error line="25" severity="error" message="Wrong lexicographical order for &apos;org.kie.api.io.ResourceType&apos; import. Should be before &apos;org.kie.internal.io.ResourceFactory&apos;." source="com.puppycrawl.tools.checkstyle.checks.imports.CustomImportOrderCheck"/>
<error line="26" severity="error" message="Wrong lexicographical order for &apos;org.kie.api.runtime.KieSession&apos; import. Should be before &apos;org.kie.internal.io.ResourceFactory&apos;." source="com.puppycrawl.tools.checkstyle.checks.imports.CustomImportOrderCheck"/>
<error line="28" severity="error" message="Import statement for &apos;java.util.Collection&apos; is in the wrong order. Should be in the &apos;STANDARD_JAVA_PACKAGE&apos; group, expecting not assigned imports on this line." source="com.puppycrawl.tools.checkstyle.checks.imports.CustomImportOrderCheck"/>
</file>
<file name="C:\Users\Ashutosh\Downloads\drools-distribution-7.47.0.Final\examples\sources\src\main\java\org\drools\examples\banking\SimpleDate.java">
</file>
<file name="C:\Users\Ashutosh\Downloads\drools-distribution-7.47.0.Final\examples\sources\src\main\java\org\drools\examples\banking\TypedCashflow.java">
</file>
<file name="C:\Users\Ashutosh\Downloads\drools-distribution-7.47.0.Final\examples\sources\src\main\java\org\drools\examples\birdsfly\Bird.java">
</file>
<file name="C:\Users\Ashutosh\Downloads\drools-distribution-7.47.0.Final\examples\sources\src\main\java\org\drools\examples\birdsfly\BirdsFlyExample.java">
<error line="22" severity="error" message="Import statement for &apos;java.util.Scanner&apos; is in the wrong order. Should be in the &apos;STANDARD_JAVA_PACKAGE&apos; group, expecting not assigned imports on this line." source="com.puppycrawl.tools.checkstyle.checks.imports.CustomImportOrderCheck"/>
</file>
<file name="C:\Users\Ashutosh\Downloads\drools-distribution-7.47.0.Final\examples\sources\src\main\java\org\drools\examples\birdsfly\Broken.java">
</file>
<file name="C:\Users\Ashutosh\Downloads\drools-distribution-7.47.0.Final\examples\sources\src\main\java\org\drools\examples\birdsfly\Fly.java">
</file>
<file name="C:\Users\Ashutosh\Downloads\drools-distribution-7.47.0.Final\examples\sources\src\main\java\org\drools\examples\birdsfly\Rocket.java">
</file>
<file name="C:\Users\Ashutosh\Downloads\drools-distribution-7.47.0.Final\examples\sources\src\main\java\org\drools\examples\buspass\AdultBusPass.java">
</file>
<file name="C:\Users\Ashutosh\Downloads\drools-distribution-7.47.0.Final\examples\sources\src\main\java\org\drools\examples\buspass\BadBehaviour.java">
</file>
<file name="C:\Users\Ashutosh\Downloads\drools-distribution-7.47.0.Final\examples\sources\src\main\java\org\drools\examples\buspass\BusPass.java">
</file>
<file name="C:\Users\Ashutosh\Downloads\drools-distribution-7.47.0.Final\examples\sources\src\main\java\org\drools\examples\buspass\BussPassBadExample.java">
</file>
<file name="C:\Users\Ashutosh\Downloads\drools-distribution-7.47.0.Final\examples\sources\src\main\java\org\drools\examples\buspass\BussPassGoodExample.java">
</file>
<file name="C:\Users\Ashutosh\Downloads\drools-distribution-7.47.0.Final\examples\sources\src\main\java\org\drools\examples\buspass\BussPassJTMSExample.java">
<error line="19" column="8" severity="error" message="Unused import - org.kie.api.io.ResourceType." source="com.puppycrawl.tools.checkstyle.checks.imports.UnusedImportsCheck"/>
<error line="23" column="8" severity="error" message="Unused import - org.kie.internal.io.ResourceFactory." source="com.puppycrawl.tools.checkstyle.checks.imports.UnusedImportsCheck"/>
<error line="25" severity="error" message="Import statement for &apos;java.util.Scanner&apos; is in the wrong order. Should be in the &apos;STANDARD_JAVA_PACKAGE&apos; group, expecting not assigned imports on this line." source="com.puppycrawl.tools.checkstyle.checks.imports.CustomImportOrderCheck"/>
</file>
<file name="C:\Users\Ashutosh\Downloads\drools-distribution-7.47.0.Final\examples\sources\src\main\java\org\drools\examples\buspass\ChildBusPass.java">
</file>
<file name="C:\Users\Ashutosh\Downloads\drools-distribution-7.47.0.Final\examples\sources\src\main\java\org\drools\examples\buspass\IsAdult.java">
</file>
<file name="C:\Users\Ashutosh\Downloads\drools-distribution-7.47.0.Final\examples\sources\src\main\java\org\drools\examples\buspass\IsChild.java">
</file>
<file name="C:\Users\Ashutosh\Downloads\drools-distribution-7.47.0.Final\examples\sources\src\main\java\org\drools\examples\buspass\Person.java">
</file>
<file name="C:\Users\Ashutosh\Downloads\drools-distribution-7.47.0.Final\examples\sources\src\main\java\org\drools\examples\cashflow\Account.java">
</file>
<file name="C:\Users\Ashutosh\Downloads\drools-distribution-7.47.0.Final\examples\sources\src\main\java\org\drools\examples\cashflow\AccountPeriod.java">
</file>
<file name="C:\Users\Ashutosh\Downloads\drools-distribution-7.47.0.Final\examples\sources\src\main\java\org\drools\examples\cashflow\CashFlow.java">
<error line="19" severity="error" message="&apos;java.util.Date&apos; should be separated from previous import group by one line." source="com.puppycrawl.tools.checkstyle.checks.imports.CustomImportOrderCheck"/>
</file>
<file name="C:\Users\Ashutosh\Downloads\drools-distribution-7.47.0.Final\examples\sources\src\main\java\org\drools\examples\cashflow\CashFlowMain.java">
<error line="23" severity="error" message="Import statement for &apos;java.text.SimpleDateFormat&apos; is in the wrong order. Should be in the &apos;STANDARD_JAVA_PACKAGE&apos; group, expecting not assigned imports on this line." source="com.puppycrawl.tools.checkstyle.checks.imports.CustomImportOrderCheck"/>
<error line="24" severity="error" message="Import statement for &apos;java.util.Date&apos; is in the wrong order. Should be in the &apos;STANDARD_JAVA_PACKAGE&apos; group, expecting not assigned imports on this line." source="com.puppycrawl.tools.checkstyle.checks.imports.CustomImportOrderCheck"/>
</file>
<file name="C:\Users\Ashutosh\Downloads\drools-distribution-7.47.0.Final\examples\sources\src\main\java\org\drools\examples\cashflow\CashFlowType.java">
</file>
<file name="C:\Users\Ashutosh\Downloads\drools-distribution-7.47.0.Final\examples\sources\src\main\java\org\drools\examples\circularTms\CircularTmsExample.java">
<error line="18" column="8" severity="error" message="Unused import - org.drools.examples.buspass.Person." source="com.puppycrawl.tools.checkstyle.checks.imports.UnusedImportsCheck"/>
<error line="24" severity="error" message="Import statement for &apos;java.util.Scanner&apos; is in the wrong order. Should be in the &apos;STANDARD_JAVA_PACKAGE&apos; group, expecting not assigned imports on this line." source="com.puppycrawl.tools.checkstyle.checks.imports.CustomImportOrderCheck"/>
</file>
<file name="C:\Users\Ashutosh\Downloads\drools-distribution-7.47.0.Final\examples\sources\src\main\java\org\drools\examples\datadriventemplate\DataDrivenTemplateExample.java">
</file>
<file name="C:\Users\Ashutosh\Downloads\drools-distribution-7.47.0.Final\examples\sources\src\main\java\org\drools\examples\decisiontable\Driver.java">
</file>
<file name="C:\Users\Ashutosh\Downloads\drools-distribution-7.47.0.Final\examples\sources\src\main\java\org\drools\examples\decisiontable\Policy.java">
</file>
<file name="C:\Users\Ashutosh\Downloads\drools-distribution-7.47.0.Final\examples\sources\src\main\java\org\drools\examples\decisiontable\PricingRuleDTExample.java">
<error line="23" severity="error" message="Import statement for &apos;java.util.Arrays&apos; is in the wrong order. Should be in the &apos;STANDARD_JAVA_PACKAGE&apos; group, expecting not assigned imports on this line." source="com.puppycrawl.tools.checkstyle.checks.imports.CustomImportOrderCheck"/>
</file>
<file name="C:\Users\Ashutosh\Downloads\drools-distribution-7.47.0.Final\examples\sources\src\main\java\org\drools\examples\decisiontable\PricingRuleTemplateExample.java">
</file>
<file name="C:\Users\Ashutosh\Downloads\drools-distribution-7.47.0.Final\examples\sources\src\main\java\org\drools\examples\diagnostics\Answer.java">
</file>
<file name="C:\Users\Ashutosh\Downloads\drools-distribution-7.47.0.Final\examples\sources\src\main\java\org\drools\examples\diagnostics\DiagnosticsExample.java">
<error line="18" column="8" severity="error" message="Unused import - org.drools.examples.buspass.Person." source="com.puppycrawl.tools.checkstyle.checks.imports.UnusedImportsCheck"/>
<error line="22" column="8" severity="error" message="Unused import - org.kie.api.runtime.rule.FactHandle." source="com.puppycrawl.tools.checkstyle.checks.imports.UnusedImportsCheck"/>
</file>
<file name="C:\Users\Ashutosh\Downloads\drools-distribution-7.47.0.Final\examples\sources\src\main\java\org\drools\examples\diagnostics\Question.java">
</file>
<file name="C:\Users\Ashutosh\Downloads\drools-distribution-7.47.0.Final\examples\sources\src\main\java\org\drools\examples\diagnostics\Solution.java">
</file>
<file name="C:\Users\Ashutosh\Downloads\drools-distribution-7.47.0.Final\examples\sources\src\main\java\org\drools\examples\diagnostics\WontStart.java">
</file>
<file name="C:\Users\Ashutosh\Downloads\drools-distribution-7.47.0.Final\examples\sources\src\main\java\org\drools\examples\DroolsExamplesApp.java">
<error line="19" severity="error" message="Using the &apos;.*&apos; form of import should be avoided - java.awt.*." source="com.puppycrawl.tools.checkstyle.checks.imports.AvoidStarImportCheck"/>
<error line="22" severity="error" message="Using the &apos;.*&apos; form of import should be avoided - javax.swing.*." source="com.puppycrawl.tools.checkstyle.checks.imports.AvoidStarImportCheck"/>
<error line="23" severity="error" message="&apos;org.drools.examples.datadriventemplate.DataDrivenTemplateExample&apos; should be separated from previous import group by one line." source="com.puppycrawl.tools.checkstyle.checks.imports.CustomImportOrderCheck"/>
</file>
<file name="C:\Users\Ashutosh\Downloads\drools-distribution-7.47.0.Final\examples\sources\src\main\java\org\drools\examples\fibonacci\FibonacciExample.java">
</file>
<file name="C:\Users\Ashutosh\Downloads\drools-distribution-7.47.0.Final\examples\sources\src\main\java\org\drools\examples\fire\Alarm.java">
</file>
<file name="C:\Users\Ashutosh\Downloads\drools-distribution-7.47.0.Final\examples\sources\src\main\java\org\drools\examples\fire\Fire.java">
</file>
<file name="C:\Users\Ashutosh\Downloads\drools-distribution-7.47.0.Final\examples\sources\src\main\java\org\drools\examples\fire\FireExample.java">
<error line="19" column="8" severity="error" message="Unused import - org.kie.api.definition.type.PropertyReactive." source="com.puppycrawl.tools.checkstyle.checks.imports.UnusedImportsCheck"/>
<error line="24" severity="error" message="Import statement for &apos;java.util.HashMap&apos; is in the wrong order. Should be in the &apos;STANDARD_JAVA_PACKAGE&apos; group, expecting not assigned imports on this line." source="com.puppycrawl.tools.checkstyle.checks.imports.CustomImportOrderCheck"/>
<error line="25" severity="error" message="Import statement for &apos;java.util.Map&apos; is in the wrong order. Should be in the &apos;STANDARD_JAVA_PACKAGE&apos; group, expecting not assigned imports on this line." source="com.puppycrawl.tools.checkstyle.checks.imports.CustomImportOrderCheck"/>
<error line="26" severity="error" message="Import statement for &apos;java.util.Scanner&apos; is in the wrong order. Should be in the &apos;STANDARD_JAVA_PACKAGE&apos; group, expecting not assigned imports on this line." source="com.puppycrawl.tools.checkstyle.checks.imports.CustomImportOrderCheck"/>
</file>
<file name="C:\Users\Ashutosh\Downloads\drools-distribution-7.47.0.Final\examples\sources\src\main\java\org\drools\examples\fire\FireLogicalExample.java">
<error line="23" severity="error" message="Import statement for &apos;java.util.HashMap&apos; is in the wrong order. Should be in the &apos;STANDARD_JAVA_PACKAGE&apos; group, expecting not assigned imports on this line." source="com.puppycrawl.tools.checkstyle.checks.imports.CustomImportOrderCheck"/>
<error line="24" severity="error" message="Import statement for &apos;java.util.Map&apos; is in the wrong order. Should be in the &apos;STANDARD_JAVA_PACKAGE&apos; group, expecting not assigned imports on this line." source="com.puppycrawl.tools.checkstyle.checks.imports.CustomImportOrderCheck"/>
<error line="25" severity="error" message="Import statement for &apos;java.util.Scanner&apos; is in the wrong order. Should be in the &apos;STANDARD_JAVA_PACKAGE&apos; group, expecting not assigned imports on this line." source="com.puppycrawl.tools.checkstyle.checks.imports.CustomImportOrderCheck"/>
</file>
<file name="C:\Users\Ashutosh\Downloads\drools-distribution-7.47.0.Final\examples\sources\src\main\java\org\drools\examples\fire\Room.java">
</file>
<file name="C:\Users\Ashutosh\Downloads\drools-distribution-7.47.0.Final\examples\sources\src\main\java\org\drools\examples\fire\Sprinkler.java">
</file>
<file name="C:\Users\Ashutosh\Downloads\drools-distribution-7.47.0.Final\examples\sources\src\main\java\org\drools\examples\golfing\GolfingExample.java">
</file>
<file name="C:\Users\Ashutosh\Downloads\drools-distribution-7.47.0.Final\examples\sources\src\main\java\org\drools\examples\helloworld\HelloWorldExample.java">
</file>
<file name="C:\Users\Ashutosh\Downloads\drools-distribution-7.47.0.Final\examples\sources\src\main\java\org\drools\examples\honestpolitician\HonestPoliticianExample.java">
</file>
<file name="C:\Users\Ashutosh\Downloads\drools-distribution-7.47.0.Final\examples\sources\src\main\java\org\drools\examples\honestpolitician\Hope.java">
</file>
<file name="C:\Users\Ashutosh\Downloads\drools-distribution-7.47.0.Final\examples\sources\src\main\java\org\drools\examples\honestpolitician\Politician.java">
</file>
<file name="C:\Users\Ashutosh\Downloads\drools-distribution-7.47.0.Final\examples\sources\src\main\java\org\drools\examples\performance\PerformanceExample.java">
<error line="22" severity="error" message="Import statement for &apos;java.util.ArrayList&apos; is in the wrong order. Should be in the &apos;STANDARD_JAVA_PACKAGE&apos; group, expecting not assigned imports on this line." source="com.puppycrawl.tools.checkstyle.checks.imports.CustomImportOrderCheck"/>
</file>
<file name="C:\Users\Ashutosh\Downloads\drools-distribution-7.47.0.Final\examples\sources\src\main\java\org\drools\examples\petstore\PetStoreExample.java">
<error line="521" severity="error" message="&apos;if&apos; construct must use &apos;{}&apos;s." source="com.puppycrawl.tools.checkstyle.checks.blocks.NeedBracesCheck"/>
<error line="522" severity="error" message="&apos;if&apos; construct must use &apos;{}&apos;s." source="com.puppycrawl.tools.checkstyle.checks.blocks.NeedBracesCheck"/>
<error line="523" severity="error" message="&apos;if&apos; construct must use &apos;{}&apos;s." source="com.puppycrawl.tools.checkstyle.checks.blocks.NeedBracesCheck"/>
<error line="526" severity="error" message="&apos;if&apos; construct must use &apos;{}&apos;s." source="com.puppycrawl.tools.checkstyle.checks.blocks.NeedBracesCheck"/>
<error line="527" severity="error" message="&apos;if&apos; construct must use &apos;{}&apos;s." source="com.puppycrawl.tools.checkstyle.checks.blocks.NeedBracesCheck"/>
<error line="529" severity="error" message="&apos;if&apos; construct must use &apos;{}&apos;s." source="com.puppycrawl.tools.checkstyle.checks.blocks.NeedBracesCheck"/>
<error line="530" severity="error" message="&apos;if&apos; construct must use &apos;{}&apos;s." source="com.puppycrawl.tools.checkstyle.checks.blocks.NeedBracesCheck"/>
<error line="570" severity="error" message="&apos;if&apos; construct must use &apos;{}&apos;s." source="com.puppycrawl.tools.checkstyle.checks.blocks.NeedBracesCheck"/>
<error line="571" severity="error" message="&apos;if&apos; construct must use &apos;{}&apos;s." source="com.puppycrawl.tools.checkstyle.checks.blocks.NeedBracesCheck"/>
<error line="572" severity="error" message="&apos;if&apos; construct must use &apos;{}&apos;s." source="com.puppycrawl.tools.checkstyle.checks.blocks.NeedBracesCheck"/>
<error line="575" severity="error" message="&apos;if&apos; construct must use &apos;{}&apos;s." source="com.puppycrawl.tools.checkstyle.checks.blocks.NeedBracesCheck"/>
<error line="576" severity="error" message="&apos;if&apos; construct must use &apos;{}&apos;s." source="com.puppycrawl.tools.checkstyle.checks.blocks.NeedBracesCheck"/>
<error line="577" severity="error" message="&apos;if&apos; construct must use &apos;{}&apos;s." source="com.puppycrawl.tools.checkstyle.checks.blocks.NeedBracesCheck"/>
</file>
<file name="C:\Users\Ashutosh\Downloads\drools-distribution-7.47.0.Final\examples\sources\src\main\java\org\drools\examples\shopping\ShoppingExample.java">
</file>
<file name="C:\Users\Ashutosh\Downloads\drools-distribution-7.47.0.Final\examples\sources\src\main\java\org\drools\examples\state\State.java">
</file>
<file name="C:\Users\Ashutosh\Downloads\drools-distribution-7.47.0.Final\examples\sources\src\main\java\org\drools\examples\state\StateExampleUsingAgendaGroup.java">
</file>
<file name="C:\Users\Ashutosh\Downloads\drools-distribution-7.47.0.Final\examples\sources\src\main\java\org\drools\examples\state\StateExampleUsingSalience.java">
</file>
<file name="C:\Users\Ashutosh\Downloads\drools-distribution-7.47.0.Final\examples\sources\src\main\java\org\drools\examples\sudoku\Cell.java">
</file>
<file name="C:\Users\Ashutosh\Downloads\drools-distribution-7.47.0.Final\examples\sources\src\main\java\org\drools\examples\sudoku\CellCol.java">
</file>
<file name="C:\Users\Ashutosh\Downloads\drools-distribution-7.47.0.Final\examples\sources\src\main\java\org\drools\examples\sudoku\CellFile.java">
</file>
<file name="C:\Users\Ashutosh\Downloads\drools-distribution-7.47.0.Final\examples\sources\src\main\java\org\drools\examples\sudoku\CellGroup.java">
<error line="31" severity="error" message="&apos;for&apos; construct must use &apos;{}&apos;s." source="com.puppycrawl.tools.checkstyle.checks.blocks.NeedBracesCheck"/>
</file>
<file name="C:\Users\Ashutosh\Downloads\drools-distribution-7.47.0.Final\examples\sources\src\main\java\org\drools\examples\sudoku\CellRow.java">
</file>
<file name="C:\Users\Ashutosh\Downloads\drools-distribution-7.47.0.Final\examples\sources\src\main\java\org\drools\examples\sudoku\CellSqr.java">
</file>
<file name="C:\Users\Ashutosh\Downloads\drools-distribution-7.47.0.Final\examples\sources\src\main\java\org\drools\examples\sudoku\Counter.java">
</file>
<file name="C:\Users\Ashutosh\Downloads\drools-distribution-7.47.0.Final\examples\sources\src\main\java\org\drools\examples\sudoku\SetOfNine.java">
<error line="19" severity="error" message="Wrong lexicographical order for &apos;java.util.HashSet&apos; import. Should be before &apos;java.util.Set&apos;." source="com.puppycrawl.tools.checkstyle.checks.imports.CustomImportOrderCheck"/>
</file>
<file name="C:\Users\Ashutosh\Downloads\drools-distribution-7.47.0.Final\examples\sources\src\main\java\org\drools\examples\sudoku\Setting.java">
</file>
<file name="C:\Users\Ashutosh\Downloads\drools-distribution-7.47.0.Final\examples\sources\src\main\java\org\drools\examples\sudoku\Stepping.java">
</file>
<file name="C:\Users\Ashutosh\Downloads\drools-distribution-7.47.0.Final\examples\sources\src\main\java\org\drools\examples\sudoku\Sudoku.java">
<error line="29" severity="error" message="Import statement for &apos;java.util.Formatter&apos; is in the wrong order. Should be in the &apos;STANDARD_JAVA_PACKAGE&apos; group, expecting not assigned imports on this line." source="com.puppycrawl.tools.checkstyle.checks.imports.CustomImportOrderCheck"/>
<error line="30" severity="error" message="Import statement for &apos;java.util.HashSet&apos; is in the wrong order. Should be in the &apos;STANDARD_JAVA_PACKAGE&apos; group, expecting not assigned imports on this line." source="com.puppycrawl.tools.checkstyle.checks.imports.CustomImportOrderCheck"/>
<error line="31" severity="error" message="Import statement for &apos;java.util.Set&apos; is in the wrong order. Should be in the &apos;STANDARD_JAVA_PACKAGE&apos; group, expecting not assigned imports on this line." source="com.puppycrawl.tools.checkstyle.checks.imports.CustomImportOrderCheck"/>
<error line="67" severity="error" message="&apos;if&apos; construct must use &apos;{}&apos;s." source="com.puppycrawl.tools.checkstyle.checks.blocks.NeedBracesCheck"/>
<error line="190" severity="error" message="&apos;if&apos; construct must use &apos;{}&apos;s." source="com.puppycrawl.tools.checkstyle.checks.blocks.NeedBracesCheck"/>
<error line="207" severity="error" message="&apos;if&apos; construct must use &apos;{}&apos;s." source="com.puppycrawl.tools.checkstyle.checks.blocks.NeedBracesCheck"/>
<error line="225" severity="error" message="&apos;if&apos; construct must use &apos;{}&apos;s." source="com.puppycrawl.tools.checkstyle.checks.blocks.NeedBracesCheck"/>
</file>
<file name="C:\Users\Ashutosh\Downloads\drools-distribution-7.47.0.Final\examples\sources\src\main\java\org\drools\examples\sudoku\SudokuExample.java">
<error line="24" severity="error" message="Import statement for &apos;javax.swing.*&apos; is in the wrong order. Should be in the &apos;SPECIAL_IMPORTS&apos; group, expecting not assigned imports on this line." source="com.puppycrawl.tools.checkstyle.checks.imports.CustomImportOrderCheck"/>
<error line="24" severity="error" message="Using the &apos;.*&apos; form of import should be avoided - javax.swing.*." source="com.puppycrawl.tools.checkstyle.checks.imports.AvoidStarImportCheck"/>
<error line="25" severity="error" message="Import statement for &apos;java.awt.*&apos; is in the wrong order. Should be in the &apos;STANDARD_JAVA_PACKAGE&apos; group, expecting not assigned imports on this line." source="com.puppycrawl.tools.checkstyle.checks.imports.CustomImportOrderCheck"/>
<error line="25" severity="error" message="Using the &apos;.*&apos; form of import should be avoided - java.awt.*." source="com.puppycrawl.tools.checkstyle.checks.imports.AvoidStarImportCheck"/>
<error line="26" severity="error" message="Import statement for &apos;java.awt.event.ActionEvent&apos; is in the wrong order. Should be in the &apos;STANDARD_JAVA_PACKAGE&apos; group, expecting not assigned imports on this line." source="com.puppycrawl.tools.checkstyle.checks.imports.CustomImportOrderCheck"/>
<error line="27" severity="error" message="Import statement for &apos;java.awt.event.ActionListener&apos; is in the wrong order. Should be in the &apos;STANDARD_JAVA_PACKAGE&apos; group, expecting not assigned imports on this line." source="com.puppycrawl.tools.checkstyle.checks.imports.CustomImportOrderCheck"/>
<error line="28" severity="error" message="Import statement for &apos;java.io.BufferedReader&apos; is in the wrong order. Should be in the &apos;STANDARD_JAVA_PACKAGE&apos; group, expecting not assigned imports on this line." source="com.puppycrawl.tools.checkstyle.checks.imports.CustomImportOrderCheck"/>
<error line="29" severity="error" message="Import statement for &apos;java.io.FileInputStream&apos; is in the wrong order. Should be in the &apos;STANDARD_JAVA_PACKAGE&apos; group, expecting not assigned imports on this line." source="com.puppycrawl.tools.checkstyle.checks.imports.CustomImportOrderCheck"/>
<error line="30" severity="error" message="Import statement for &apos;java.io.FileNotFoundException&apos; is in the wrong order. Should be in the &apos;STANDARD_JAVA_PACKAGE&apos; group, expecting not assigned imports on this line." source="com.puppycrawl.tools.checkstyle.checks.imports.CustomImportOrderCheck"/>
<error line="30" column="8" severity="error" message="Unused import - java.io.FileNotFoundException." source="com.puppycrawl.tools.checkstyle.checks.imports.UnusedImportsCheck"/>
<error line="31" severity="error" message="Import statement for &apos;java.io.IOException&apos; is in the wrong order. Should be in the &apos;STANDARD_JAVA_PACKAGE&apos; group, expecting not assigned imports on this line." source="com.puppycrawl.tools.checkstyle.checks.imports.CustomImportOrderCheck"/>
<error line="32" severity="error" message="Import statement for &apos;java.io.InputStreamReader&apos; is in the wrong order. Should be in the &apos;STANDARD_JAVA_PACKAGE&apos; group, expecting not assigned imports on this line." source="com.puppycrawl.tools.checkstyle.checks.imports.CustomImportOrderCheck"/>
<error line="33" severity="error" message="Import statement for &apos;java.io.Reader&apos; is in the wrong order. Should be in the &apos;STANDARD_JAVA_PACKAGE&apos; group, expecting not assigned imports on this line." source="com.puppycrawl.tools.checkstyle.checks.imports.CustomImportOrderCheck"/>
<error line="160" severity="error" message="&apos;if&apos; construct must use &apos;{}&apos;s." source="com.puppycrawl.tools.checkstyle.checks.blocks.NeedBracesCheck"/>
</file>
<file name="C:\Users\Ashutosh\Downloads\drools-distribution-7.47.0.Final\examples\sources\src\main\java\org\drools\examples\sudoku\swing\AbstractSudokuGridModel.java">
</file>
<file name="C:\Users\Ashutosh\Downloads\drools-distribution-7.47.0.Final\examples\sources\src\main\java\org\drools\examples\sudoku\swing\SudokuGridEvent.java">
</file>
<file name="C:\Users\Ashutosh\Downloads\drools-distribution-7.47.0.Final\examples\sources\src\main\java\org\drools\examples\sudoku\swing\SudokuGridListener.java">
</file>
<file name="C:\Users\Ashutosh\Downloads\drools-distribution-7.47.0.Final\examples\sources\src\main\java\org\drools\examples\sudoku\swing\SudokuGridModel.java">
</file>
<file name="C:\Users\Ashutosh\Downloads\drools-distribution-7.47.0.Final\examples\sources\src\main\java\org\drools\examples\sudoku\swing\SudokuGridSamples.java">
</file>
<file name="C:\Users\Ashutosh\Downloads\drools-distribution-7.47.0.Final\examples\sources\src\main\java\org\drools\examples\sudoku\swing\SudokuGridView.java">
</file>
<file name="C:\Users\Ashutosh\Downloads\drools-distribution-7.47.0.Final\examples\sources\src\main\java\org\drools\examples\templates\ActivityType.java">
</file>
<file name="C:\Users\Ashutosh\Downloads\drools-distribution-7.47.0.Final\examples\sources\src\main\java\org\drools\examples\templates\Cheese.java">
</file>
<file name="C:\Users\Ashutosh\Downloads\drools-distribution-7.47.0.Final\examples\sources\src\main\java\org\drools\examples\templates\FeeScheduleRule.java">
</file>
<file name="C:\Users\Ashutosh\Downloads\drools-distribution-7.47.0.Final\examples\sources\src\main\java\org\drools\examples\templates\FeeScheduleType.java">
</file>
<file name="C:\Users\Ashutosh\Downloads\drools-distribution-7.47.0.Final\examples\sources\src\main\java\org\drools\examples\templates\FeeType.java">
</file>
<file name="C:\Users\Ashutosh\Downloads\drools-distribution-7.47.0.Final\examples\sources\src\main\java\org\drools\examples\templates\Person.java">
</file>
<file name="C:\Users\Ashutosh\Downloads\drools-distribution-7.47.0.Final\examples\sources\src\main\java\org\drools\examples\templates\ProductType.java">
</file>
<file name="C:\Users\Ashutosh\Downloads\drools-distribution-7.47.0.Final\examples\sources\src\main\java\org\drools\examples\templates\SimpleRuleTemplateExample.java">
<error line="23" severity="error" message="Import statement for &apos;java.util.ArrayList&apos; is in the wrong order. Should be in the &apos;STANDARD_JAVA_PACKAGE&apos; group, expecting not assigned imports on this line." source="com.puppycrawl.tools.checkstyle.checks.imports.CustomImportOrderCheck"/>
<error line="24" severity="error" message="Import statement for &apos;java.util.List&apos; is in the wrong order. Should be in the &apos;STANDARD_JAVA_PACKAGE&apos; group, expecting not assigned imports on this line." source="com.puppycrawl.tools.checkstyle.checks.imports.CustomImportOrderCheck"/>
</file>
<file name="C:\Users\Ashutosh\Downloads\drools-distribution-7.47.0.Final\examples\sources\src\main\java\org\drools\examples\traits\Scholar.java">
<error line="20" severity="error" message="&apos;org.drools.core.factmodel.traits.Trait&apos; should be separated from previous import group by one line." source="com.puppycrawl.tools.checkstyle.checks.imports.CustomImportOrderCheck"/>
</file>
<file name="C:\Users\Ashutosh\Downloads\drools-distribution-7.47.0.Final\examples\sources\src\main\java\org\drools\examples\traits\ScholarImpl.java">
<error line="20" severity="error" message="&apos;org.drools.core.factmodel.traits.Thing&apos; should be separated from previous import group by one line." source="com.puppycrawl.tools.checkstyle.checks.imports.CustomImportOrderCheck"/>
</file>
<file name="C:\Users\Ashutosh\Downloads\drools-distribution-7.47.0.Final\examples\sources\src\main\java\org\drools\examples\traits\TraitExample.java">
</file>
<file name="C:\Users\Ashutosh\Downloads\drools-distribution-7.47.0.Final\examples\sources\src\main\java\org\drools\examples\troubleticket\Customer.java">
</file>
<file name="C:\Users\Ashutosh\Downloads\drools-distribution-7.47.0.Final\examples\sources\src\main\java\org\drools\examples\troubleticket\Ticket.java">
</file>
<file name="C:\Users\Ashutosh\Downloads\drools-distribution-7.47.0.Final\examples\sources\src\main\java\org\drools\examples\troubleticket\TroubleTicketExample.java">
</file>
<file name="C:\Users\Ashutosh\Downloads\drools-distribution-7.47.0.Final\examples\sources\src\main\java\org\drools\examples\troubleticket\TroubleTicketExampleWithDSL.java">
</file>
<file name="C:\Users\Ashutosh\Downloads\drools-distribution-7.47.0.Final\examples\sources\src\main\java\org\drools\examples\troubleticket\TroubleTicketExampleWithDT.java">
</file>
<file name="C:\Users\Ashutosh\Downloads\drools-distribution-7.47.0.Final\examples\sources\src\main\java\org\drools\examples\workitemconsequence\WorkItemConsequenceExample1.java">
<error line="21" severity="error" message="Wrong lexicographical order for &apos;org.drools.core.impl.InternalKnowledgeBase&apos; import. Should be before &apos;org.kie.internal.io.ResourceFactory&apos;." source="com.puppycrawl.tools.checkstyle.checks.imports.CustomImportOrderCheck"/>
<error line="22" severity="error" message="Wrong lexicographical order for &apos;org.drools.core.impl.KnowledgeBaseFactory&apos; import. Should be before &apos;org.kie.internal.io.ResourceFactory&apos;." source="com.puppycrawl.tools.checkstyle.checks.imports.CustomImportOrderCheck"/>
<error line="23" severity="error" message="Wrong lexicographical order for &apos;org.kie.api.io.ResourceType&apos; import. Should be before &apos;org.kie.internal.io.ResourceFactory&apos;." source="com.puppycrawl.tools.checkstyle.checks.imports.CustomImportOrderCheck"/>
<error line="24" severity="error" message="Wrong lexicographical order for &apos;org.kie.api.runtime.KieSession&apos; import. Should be before &apos;org.kie.internal.io.ResourceFactory&apos;." source="com.puppycrawl.tools.checkstyle.checks.imports.CustomImportOrderCheck"/>
<error line="25" severity="error" message="Wrong lexicographical order for &apos;org.kie.api.runtime.process.WorkItem&apos; import. Should be before &apos;org.kie.internal.io.ResourceFactory&apos;." source="com.puppycrawl.tools.checkstyle.checks.imports.CustomImportOrderCheck"/>
<error line="26" severity="error" message="Wrong lexicographical order for &apos;org.kie.api.runtime.process.WorkItemHandler&apos; import. Should be before &apos;org.kie.internal.io.ResourceFactory&apos;." source="com.puppycrawl.tools.checkstyle.checks.imports.CustomImportOrderCheck"/>
<error line="27" severity="error" message="Wrong lexicographical order for &apos;org.kie.api.runtime.process.WorkItemManager&apos; import. Should be before &apos;org.kie.internal.io.ResourceFactory&apos;." source="com.puppycrawl.tools.checkstyle.checks.imports.CustomImportOrderCheck"/>
<error line="28" severity="error" message="Wrong lexicographical order for &apos;org.kie.api.runtime.rule.FactHandle&apos; import. Should be before &apos;org.kie.internal.io.ResourceFactory&apos;." source="com.puppycrawl.tools.checkstyle.checks.imports.CustomImportOrderCheck"/>
</file>
<file name="C:\Users\Ashutosh\Downloads\drools-distribution-7.47.0.Final\examples\sources\src\main\java\org\drools\examples\workitemconsequence\WorkItemConsequenceExample2.java">
<error line="21" severity="error" message="Wrong lexicographical order for &apos;org.drools.core.impl.InternalKnowledgeBase&apos; import. Should be before &apos;org.kie.internal.io.ResourceFactory&apos;." source="com.puppycrawl.tools.checkstyle.checks.imports.CustomImportOrderCheck"/>
<error line="22" severity="error" message="Wrong lexicographical order for &apos;org.drools.core.impl.KnowledgeBaseFactory&apos; import. Should be before &apos;org.kie.internal.io.ResourceFactory&apos;." source="com.puppycrawl.tools.checkstyle.checks.imports.CustomImportOrderCheck"/>
<error line="23" severity="error" message="Wrong lexicographical order for &apos;org.kie.api.io.ResourceType&apos; import. Should be before &apos;org.kie.internal.io.ResourceFactory&apos;." source="com.puppycrawl.tools.checkstyle.checks.imports.CustomImportOrderCheck"/>
<error line="24" column="8" severity="error" message="Unused import - org.kie.internal.runtime.StatefulKnowledgeSession." source="com.puppycrawl.tools.checkstyle.checks.imports.UnusedImportsCheck"/>
<error line="25" severity="error" message="Wrong lexicographical order for &apos;org.kie.api.runtime.KieSession&apos; import. Should be before &apos;org.kie.internal.runtime.StatefulKnowledgeSession&apos;." source="com.puppycrawl.tools.checkstyle.checks.imports.CustomImportOrderCheck"/>
<error line="26" severity="error" message="Wrong lexicographical order for &apos;org.kie.api.runtime.process.WorkItem&apos; import. Should be before &apos;org.kie.internal.runtime.StatefulKnowledgeSession&apos;." source="com.puppycrawl.tools.checkstyle.checks.imports.CustomImportOrderCheck"/>
<error line="27" severity="error" message="Wrong lexicographical order for &apos;org.kie.api.runtime.process.WorkItemHandler&apos; import. Should be before &apos;org.kie.internal.runtime.StatefulKnowledgeSession&apos;." source="com.puppycrawl.tools.checkstyle.checks.imports.CustomImportOrderCheck"/>
<error line="28" severity="error" message="Wrong lexicographical order for &apos;org.kie.api.runtime.process.WorkItemManager&apos; import. Should be before &apos;org.kie.internal.runtime.StatefulKnowledgeSession&apos;." source="com.puppycrawl.tools.checkstyle.checks.imports.CustomImportOrderCheck"/>
</file>
<file name="C:\Users\Ashutosh\Downloads\drools-distribution-7.47.0.Final\examples\sources\src\main\java\org\drools\games\adventures\Action.java">
</file>
<file name="C:\Users\Ashutosh\Downloads\drools-distribution-7.47.0.Final\examples\sources\src\main\java\org\drools\games\adventures\AdventureFrame.java">
<error line="20" severity="error" message="Using the &apos;.*&apos; form of import should be avoided - org.drools.games.adventures.model.*." source="com.puppycrawl.tools.checkstyle.checks.imports.AvoidStarImportCheck"/>
<error line="24" severity="error" message="Import statement for &apos;javax.swing.*&apos; is in the wrong order. Should be in the &apos;SPECIAL_IMPORTS&apos; group, expecting not assigned imports on this line." source="com.puppycrawl.tools.checkstyle.checks.imports.CustomImportOrderCheck"/>
<error line="24" severity="error" message="Using the &apos;.*&apos; form of import should be avoided - javax.swing.*." source="com.puppycrawl.tools.checkstyle.checks.imports.AvoidStarImportCheck"/>
<error line="25" severity="error" message="Import statement for &apos;javax.swing.border.EmptyBorder&apos; is in the wrong order. Should be in the &apos;SPECIAL_IMPORTS&apos; group, expecting not assigned imports on this line." source="com.puppycrawl.tools.checkstyle.checks.imports.CustomImportOrderCheck"/>
<error line="26" severity="error" message="Import statement for &apos;javax.swing.event.InternalFrameEvent&apos; is in the wrong order. Should be in the &apos;SPECIAL_IMPORTS&apos; group, expecting not assigned imports on this line." source="com.puppycrawl.tools.checkstyle.checks.imports.CustomImportOrderCheck"/>
<error line="27" severity="error" message="Import statement for &apos;javax.swing.event.InternalFrameListener&apos; is in the wrong order. Should be in the &apos;SPECIAL_IMPORTS&apos; group, expecting not assigned imports on this line." source="com.puppycrawl.tools.checkstyle.checks.imports.CustomImportOrderCheck"/>
<error line="28" severity="error" message="Import statement for &apos;javax.swing.table.DefaultTableCellRenderer&apos; is in the wrong order. Should be in the &apos;SPECIAL_IMPORTS&apos; group, expecting not assigned imports on this line." source="com.puppycrawl.tools.checkstyle.checks.imports.CustomImportOrderCheck"/>
<error line="29" severity="error" message="Import statement for &apos;javax.swing.table.DefaultTableModel&apos; is in the wrong order. Should be in the &apos;SPECIAL_IMPORTS&apos; group, expecting not assigned imports on this line." source="com.puppycrawl.tools.checkstyle.checks.imports.CustomImportOrderCheck"/>
<error line="30" severity="error" message="Import statement for &apos;java.awt.*&apos; is in the wrong order. Should be in the &apos;STANDARD_JAVA_PACKAGE&apos; group, expecting not assigned imports on this line." source="com.puppycrawl.tools.checkstyle.checks.imports.CustomImportOrderCheck"/>
<error line="30" severity="error" message="Using the &apos;.*&apos; form of import should be avoided - java.awt.*." source="com.puppycrawl.tools.checkstyle.checks.imports.AvoidStarImportCheck"/>
<error line="31" severity="error" message="Import statement for &apos;java.awt.event.ActionEvent&apos; is in the wrong order. Should be in the &apos;STANDARD_JAVA_PACKAGE&apos; group, expecting not assigned imports on this line." source="com.puppycrawl.tools.checkstyle.checks.imports.CustomImportOrderCheck"/>
<error line="32" severity="error" message="Import statement for &apos;java.awt.event.ActionListener&apos; is in the wrong order. Should be in the &apos;STANDARD_JAVA_PACKAGE&apos; group, expecting not assigned imports on this line." source="com.puppycrawl.tools.checkstyle.checks.imports.CustomImportOrderCheck"/>
<error line="33" severity="error" message="Import statement for &apos;java.awt.event.KeyAdapter&apos; is in the wrong order. Should be in the &apos;STANDARD_JAVA_PACKAGE&apos; group, expecting not assigned imports on this line." source="com.puppycrawl.tools.checkstyle.checks.imports.CustomImportOrderCheck"/>
<error line="34" severity="error" message="Import statement for &apos;java.awt.event.KeyEvent&apos; is in the wrong order. Should be in the &apos;STANDARD_JAVA_PACKAGE&apos; group, expecting not assigned imports on this line." source="com.puppycrawl.tools.checkstyle.checks.imports.CustomImportOrderCheck"/>
<error line="35" severity="error" message="Import statement for &apos;java.awt.event.MouseAdapter&apos; is in the wrong order. Should be in the &apos;STANDARD_JAVA_PACKAGE&apos; group, expecting not assigned imports on this line." source="com.puppycrawl.tools.checkstyle.checks.imports.CustomImportOrderCheck"/>
<error line="36" severity="error" message="Import statement for &apos;java.awt.event.MouseEvent&apos; is in the wrong order. Should be in the &apos;STANDARD_JAVA_PACKAGE&apos; group, expecting not assigned imports on this line." source="com.puppycrawl.tools.checkstyle.checks.imports.CustomImportOrderCheck"/>
<error line="37" severity="error" message="Import statement for &apos;java.awt.event.MouseListener&apos; is in the wrong order. Should be in the &apos;STANDARD_JAVA_PACKAGE&apos; group, expecting not assigned imports on this line." source="com.puppycrawl.tools.checkstyle.checks.imports.CustomImportOrderCheck"/>
<error line="38" severity="error" message="Import statement for &apos;java.awt.event.MouseMotionAdapter&apos; is in the wrong order. Should be in the &apos;STANDARD_JAVA_PACKAGE&apos; group, expecting not assigned imports on this line." source="com.puppycrawl.tools.checkstyle.checks.imports.CustomImportOrderCheck"/>
<error line="39" severity="error" message="Import statement for &apos;java.io.PrintWriter&apos; is in the wrong order. Should be in the &apos;STANDARD_JAVA_PACKAGE&apos; group, expecting not assigned imports on this line." source="com.puppycrawl.tools.checkstyle.checks.imports.CustomImportOrderCheck"/>
<error line="40" severity="error" message="Import statement for &apos;java.io.StringWriter&apos; is in the wrong order. Should be in the &apos;STANDARD_JAVA_PACKAGE&apos; group, expecting not assigned imports on this line." source="com.puppycrawl.tools.checkstyle.checks.imports.CustomImportOrderCheck"/>
<error line="41" severity="error" message="Import statement for &apos;java.util.ArrayList&apos; is in the wrong order. Should be in the &apos;STANDARD_JAVA_PACKAGE&apos; group, expecting not assigned imports on this line." source="com.puppycrawl.tools.checkstyle.checks.imports.CustomImportOrderCheck"/>
<error line="42" severity="error" message="Import statement for &apos;java.util.List&apos; is in the wrong order. Should be in the &apos;STANDARD_JAVA_PACKAGE&apos; group, expecting not assigned imports on this line." source="com.puppycrawl.tools.checkstyle.checks.imports.CustomImportOrderCheck"/>
<error line="43" severity="error" message="Import statement for &apos;java.util.Map&apos; is in the wrong order. Should be in the &apos;STANDARD_JAVA_PACKAGE&apos; group, expecting not assigned imports on this line." source="com.puppycrawl.tools.checkstyle.checks.imports.CustomImportOrderCheck"/>
<error line="44" severity="error" message="Import statement for &apos;java.util.Vector&apos; is in the wrong order. Should be in the &apos;STANDARD_JAVA_PACKAGE&apos; group, expecting not assigned imports on this line." source="com.puppycrawl.tools.checkstyle.checks.imports.CustomImportOrderCheck"/>
<error line="603" severity="error" message="&apos;if&apos; construct must use &apos;{}&apos;s." source="com.puppycrawl.tools.checkstyle.checks.blocks.NeedBracesCheck"/>
<error line="608" severity="error" message="&apos;if&apos; construct must use &apos;{}&apos;s." source="com.puppycrawl.tools.checkstyle.checks.blocks.NeedBracesCheck"/>
<error line="615" severity="error" message="&apos;if&apos; construct must use &apos;{}&apos;s." source="com.puppycrawl.tools.checkstyle.checks.blocks.NeedBracesCheck"/>
<error line="622" severity="error" message="&apos;if&apos; construct must use &apos;{}&apos;s." source="com.puppycrawl.tools.checkstyle.checks.blocks.NeedBracesCheck"/>
<error line="773" severity="error" message="&apos;if&apos; construct must use &apos;{}&apos;s." source="com.puppycrawl.tools.checkstyle.checks.blocks.NeedBracesCheck"/>
<error line="779" severity="error" message="&apos;if&apos; construct must use &apos;{}&apos;s." source="com.puppycrawl.tools.checkstyle.checks.blocks.NeedBracesCheck"/>
<error line="785" severity="error" message="&apos;if&apos; construct must use &apos;{}&apos;s." source="com.puppycrawl.tools.checkstyle.checks.blocks.NeedBracesCheck"/>
</file>
<file name="C:\Users\Ashutosh\Downloads\drools-distribution-7.47.0.Final\examples\sources\src\main\java\org\drools\games\adventures\Counter.java">
</file>
<file name="C:\Users\Ashutosh\Downloads\drools-distribution-7.47.0.Final\examples\sources\src\main\java\org\drools\games\adventures\GameEngine.java">
<error line="25" column="8" severity="error" message="Unused import - org.mvel2.util.ReflectionUtil." source="com.puppycrawl.tools.checkstyle.checks.imports.UnusedImportsCheck"/>
<error line="27" severity="error" message="Import statement for &apos;java.io.IOException&apos; is in the wrong order. Should be in the &apos;STANDARD_JAVA_PACKAGE&apos; group, expecting not assigned imports on this line." source="com.puppycrawl.tools.checkstyle.checks.imports.CustomImportOrderCheck"/>
<error line="28" severity="error" message="Import statement for &apos;java.util.HashMap&apos; is in the wrong order. Should be in the &apos;STANDARD_JAVA_PACKAGE&apos; group, expecting not assigned imports on this line." source="com.puppycrawl.tools.checkstyle.checks.imports.CustomImportOrderCheck"/>
<error line="29" severity="error" message="Import statement for &apos;java.util.List&apos; is in the wrong order. Should be in the &apos;STANDARD_JAVA_PACKAGE&apos; group, expecting not assigned imports on this line." source="com.puppycrawl.tools.checkstyle.checks.imports.CustomImportOrderCheck"/>
<error line="30" severity="error" message="Import statement for &apos;java.util.Map&apos; is in the wrong order. Should be in the &apos;STANDARD_JAVA_PACKAGE&apos; group, expecting not assigned imports on this line." source="com.puppycrawl.tools.checkstyle.checks.imports.CustomImportOrderCheck"/>
</file>
<file name="C:\Users\Ashutosh\Downloads\drools-distribution-7.47.0.Final\examples\sources\src\main\java\org\drools\games\adventures\model\Character.java">
</file>
<file name="C:\Users\Ashutosh\Downloads\drools-distribution-7.47.0.Final\examples\sources\src\main\java\org\drools\games\adventures\model\Command.java">
</file>
<file name="C:\Users\Ashutosh\Downloads\drools-distribution-7.47.0.Final\examples\sources\src\main\java\org\drools\games\adventures\model\Door.java">
</file>
<file name="C:\Users\Ashutosh\Downloads\drools-distribution-7.47.0.Final\examples\sources\src\main\java\org\drools\games\adventures\model\DropCommand.java">
</file>
<file name="C:\Users\Ashutosh\Downloads\drools-distribution-7.47.0.Final\examples\sources\src\main\java\org\drools\games\adventures\model\DropEvent.java">
</file>
<file name="C:\Users\Ashutosh\Downloads\drools-distribution-7.47.0.Final\examples\sources\src\main\java\org\drools\games\adventures\model\EnterEvent.java">
</file>
<file name="C:\Users\Ashutosh\Downloads\drools-distribution-7.47.0.Final\examples\sources\src\main\java\org\drools\games\adventures\model\ExitEvent.java">
</file>
<file name="C:\Users\Ashutosh\Downloads\drools-distribution-7.47.0.Final\examples\sources\src\main\java\org\drools\games\adventures\model\GameEvent.java">
</file>
<file name="C:\Users\Ashutosh\Downloads\drools-distribution-7.47.0.Final\examples\sources\src\main\java\org\drools\games\adventures\model\GiveCommand.java">
</file>
<file name="C:\Users\Ashutosh\Downloads\drools-distribution-7.47.0.Final\examples\sources\src\main\java\org\drools\games\adventures\model\GiveEvent.java">
</file>
<file name="C:\Users\Ashutosh\Downloads\drools-distribution-7.47.0.Final\examples\sources\src\main\java\org\drools\games\adventures\model\Holding.java">
</file>
<file name="C:\Users\Ashutosh\Downloads\drools-distribution-7.47.0.Final\examples\sources\src\main\java\org\drools\games\adventures\model\Item.java">
</file>
<file name="C:\Users\Ashutosh\Downloads\drools-distribution-7.47.0.Final\examples\sources\src\main\java\org\drools\games\adventures\model\Key.java">
</file>
<file name="C:\Users\Ashutosh\Downloads\drools-distribution-7.47.0.Final\examples\sources\src\main\java\org\drools\games\adventures\model\Location.java">
</file>
<file name="C:\Users\Ashutosh\Downloads\drools-distribution-7.47.0.Final\examples\sources\src\main\java\org\drools\games\adventures\model\LockStatus.java">
</file>
<file name="C:\Users\Ashutosh\Downloads\drools-distribution-7.47.0.Final\examples\sources\src\main\java\org\drools\games\adventures\model\LookCommand.java">
</file>
<file name="C:\Users\Ashutosh\Downloads\drools-distribution-7.47.0.Final\examples\sources\src\main\java\org\drools\games\adventures\model\MoveCommand.java">
</file>
<file name="C:\Users\Ashutosh\Downloads\drools-distribution-7.47.0.Final\examples\sources\src\main\java\org\drools\games\adventures\model\PickupCommand.java">
</file>
<file name="C:\Users\Ashutosh\Downloads\drools-distribution-7.47.0.Final\examples\sources\src\main\java\org\drools\games\adventures\model\PickupEvent.java">
</file>
<file name="C:\Users\Ashutosh\Downloads\drools-distribution-7.47.0.Final\examples\sources\src\main\java\org\drools\games\adventures\model\Room.java">
</file>
<file name="C:\Users\Ashutosh\Downloads\drools-distribution-7.47.0.Final\examples\sources\src\main\java\org\drools\games\adventures\model\SearchCommand.java">
</file>
<file name="C:\Users\Ashutosh\Downloads\drools-distribution-7.47.0.Final\examples\sources\src\main\java\org\drools\games\adventures\model\Thing.java">
</file>
<file name="C:\Users\Ashutosh\Downloads\drools-distribution-7.47.0.Final\examples\sources\src\main\java\org\drools\games\adventures\model\UseCommand.java">
</file>
<file name="C:\Users\Ashutosh\Downloads\drools-distribution-7.47.0.Final\examples\sources\src\main\java\org\drools\games\adventures\Request.java">
</file>
<file name="C:\Users\Ashutosh\Downloads\drools-distribution-7.47.0.Final\examples\sources\src\main\java\org\drools\games\adventures\Response.java">
</file>
<file name="C:\Users\Ashutosh\Downloads\drools-distribution-7.47.0.Final\examples\sources\src\main\java\org\drools\games\adventures\TextAdventure.java">
<error line="25" severity="error" message="Import statement for &apos;javax.swing.*&apos; is in the wrong order. Should be in the &apos;SPECIAL_IMPORTS&apos; group, expecting not assigned imports on this line." source="com.puppycrawl.tools.checkstyle.checks.imports.CustomImportOrderCheck"/>
<error line="25" severity="error" message="Using the &apos;.*&apos; form of import should be avoided - javax.swing.*." source="com.puppycrawl.tools.checkstyle.checks.imports.AvoidStarImportCheck"/>
<error line="26" severity="error" message="Import statement for &apos;java.awt.*&apos; is in the wrong order. Should be in the &apos;STANDARD_JAVA_PACKAGE&apos; group, expecting not assigned imports on this line." source="com.puppycrawl.tools.checkstyle.checks.imports.CustomImportOrderCheck"/>
<error line="26" severity="error" message="Using the &apos;.*&apos; form of import should be avoided - java.awt.*." source="com.puppycrawl.tools.checkstyle.checks.imports.AvoidStarImportCheck"/>
<error line="27" severity="error" message="Import statement for &apos;java.util.Map&apos; is in the wrong order. Should be in the &apos;STANDARD_JAVA_PACKAGE&apos; group, expecting not assigned imports on this line." source="com.puppycrawl.tools.checkstyle.checks.imports.CustomImportOrderCheck"/>
</file>
<file name="C:\Users\Ashutosh\Downloads\drools-distribution-7.47.0.Final\examples\sources\src\main\java\org\drools\games\adventures\UserSession.java">
<error line="21" severity="error" message="&apos;org.drools.games.adventures.model.Character&apos; should be separated from previous import group by one line." source="com.puppycrawl.tools.checkstyle.checks.imports.CustomImportOrderCheck"/>
<error line="24" column="8" severity="error" message="Unused import - org.kie.api.definition.type.PropertyReactive." source="com.puppycrawl.tools.checkstyle.checks.imports.UnusedImportsCheck"/>
<error line="78" severity="error" message="&apos;if&apos; construct must use &apos;{}&apos;s." source="com.puppycrawl.tools.checkstyle.checks.blocks.NeedBracesCheck"/>
<error line="79" severity="error" message="&apos;if&apos; construct must use &apos;{}&apos;s." source="com.puppycrawl.tools.checkstyle.checks.blocks.NeedBracesCheck"/>
<error line="80" severity="error" message="&apos;if&apos; construct must use &apos;{}&apos;s." source="com.puppycrawl.tools.checkstyle.checks.blocks.NeedBracesCheck"/>
<error line="82" severity="error" message="&apos;if&apos; construct must use &apos;{}&apos;s." source="com.puppycrawl.tools.checkstyle.checks.blocks.NeedBracesCheck"/>
</file>
<file name="C:\Users\Ashutosh\Downloads\drools-distribution-7.47.0.Final\examples\sources\src\main\java\org\drools\games\GameConfiguration.java">
</file>
<file name="C:\Users\Ashutosh\Downloads\drools-distribution-7.47.0.Final\examples\sources\src\main\java\org\drools\games\GameFrame.java">
<error line="18" severity="error" message="Using the &apos;.*&apos; form of import should be avoided - javax.swing.*." source="com.puppycrawl.tools.checkstyle.checks.imports.AvoidStarImportCheck"/>
<error line="19" severity="error" message="Import statement for &apos;java.awt.*&apos; is in the wrong order. Should be in the &apos;STANDARD_JAVA_PACKAGE&apos; group, expecting not assigned imports on this line." source="com.puppycrawl.tools.checkstyle.checks.imports.CustomImportOrderCheck"/>
<error line="19" severity="error" message="Using the &apos;.*&apos; form of import should be avoided - java.awt.*." source="com.puppycrawl.tools.checkstyle.checks.imports.AvoidStarImportCheck"/>
</file>
<file name="C:\Users\Ashutosh\Downloads\drools-distribution-7.47.0.Final\examples\sources\src\main\java\org\drools\games\GamePanel.java">
<error line="18" severity="error" message="Using the &apos;.*&apos; form of import should be avoided - javax.swing.*." source="com.puppycrawl.tools.checkstyle.checks.imports.AvoidStarImportCheck"/>
<error line="19" severity="error" message="Import statement for &apos;java.awt.*&apos; is in the wrong order. Should be in the &apos;STANDARD_JAVA_PACKAGE&apos; group, expecting not assigned imports on this line." source="com.puppycrawl.tools.checkstyle.checks.imports.CustomImportOrderCheck"/>
<error line="19" severity="error" message="Using the &apos;.*&apos; form of import should be avoided - java.awt.*." source="com.puppycrawl.tools.checkstyle.checks.imports.AvoidStarImportCheck"/>
<error line="20" severity="error" message="Import statement for &apos;java.awt.image.BufferedImage&apos; is in the wrong order. Should be in the &apos;STANDARD_JAVA_PACKAGE&apos; group, expecting not assigned imports on this line." source="com.puppycrawl.tools.checkstyle.checks.imports.CustomImportOrderCheck"/>
</file>
<file name="C:\Users\Ashutosh\Downloads\drools-distribution-7.47.0.Final\examples\sources\src\main\java\org\drools\games\GameUI.java">
<error line="21" severity="error" message="Import statement for &apos;javax.swing.*&apos; is in the wrong order. Should be in the &apos;SPECIAL_IMPORTS&apos; group, expecting not assigned imports on this line." source="com.puppycrawl.tools.checkstyle.checks.imports.CustomImportOrderCheck"/>
<error line="21" severity="error" message="Using the &apos;.*&apos; form of import should be avoided - javax.swing.*." source="com.puppycrawl.tools.checkstyle.checks.imports.AvoidStarImportCheck"/>
<error line="22" severity="error" message="Import statement for &apos;java.awt.*&apos; is in the wrong order. Should be in the &apos;STANDARD_JAVA_PACKAGE&apos; group, expecting not assigned imports on this line." source="com.puppycrawl.tools.checkstyle.checks.imports.CustomImportOrderCheck"/>
<error line="22" severity="error" message="Using the &apos;.*&apos; form of import should be avoided - java.awt.*." source="com.puppycrawl.tools.checkstyle.checks.imports.AvoidStarImportCheck"/>
<error line="23" severity="error" message="Import statement for &apos;java.awt.event.*&apos; is in the wrong order. Should be in the &apos;STANDARD_JAVA_PACKAGE&apos; group, expecting not assigned imports on this line." source="com.puppycrawl.tools.checkstyle.checks.imports.CustomImportOrderCheck"/>
<error line="23" severity="error" message="Using the &apos;.*&apos; form of import should be avoided - java.awt.event.*." source="com.puppycrawl.tools.checkstyle.checks.imports.AvoidStarImportCheck"/>
<error line="24" severity="error" message="Import statement for &apos;java.awt.image.BufferStrategy&apos; is in the wrong order. Should be in the &apos;STANDARD_JAVA_PACKAGE&apos; group, expecting not assigned imports on this line." source="com.puppycrawl.tools.checkstyle.checks.imports.CustomImportOrderCheck"/>
</file>
<file name="C:\Users\Ashutosh\Downloads\drools-distribution-7.47.0.Final\examples\sources\src\main\java\org\drools\games\invaders\Bullet.java">
</file>
<file name="C:\Users\Ashutosh\Downloads\drools-distribution-7.47.0.Final\examples\sources\src\main\java\org\drools\games\invaders\FPSTimer.java">
</file>
<file name="C:\Users\Ashutosh\Downloads\drools-distribution-7.47.0.Final\examples\sources\src\main\java\org\drools\games\invaders\Invader.java">
</file>
<file name="C:\Users\Ashutosh\Downloads\drools-distribution-7.47.0.Final\examples\sources\src\main\java\org\drools\games\invaders\Invaders1Main.java">
<error line="24" severity="error" message="Import statement for &apos;java.util.concurrent.ExecutorService&apos; is in the wrong order. Should be in the &apos;STANDARD_JAVA_PACKAGE&apos; group, expecting not assigned imports on this line." source="com.puppycrawl.tools.checkstyle.checks.imports.CustomImportOrderCheck"/>
<error line="25" severity="error" message="Import statement for &apos;java.util.concurrent.Executors&apos; is in the wrong order. Should be in the &apos;STANDARD_JAVA_PACKAGE&apos; group, expecting not assigned imports on this line." source="com.puppycrawl.tools.checkstyle.checks.imports.CustomImportOrderCheck"/>
</file>
<file name="C:\Users\Ashutosh\Downloads\drools-distribution-7.47.0.Final\examples\sources\src\main\java\org\drools\games\invaders\Invaders2Main.java">
<error line="23" severity="error" message="Import statement for &apos;java.util.concurrent.ExecutorService&apos; is in the wrong order. Should be in the &apos;STANDARD_JAVA_PACKAGE&apos; group, expecting not assigned imports on this line." source="com.puppycrawl.tools.checkstyle.checks.imports.CustomImportOrderCheck"/>
<error line="24" severity="error" message="Import statement for &apos;java.util.concurrent.Executors&apos; is in the wrong order. Should be in the &apos;STANDARD_JAVA_PACKAGE&apos; group, expecting not assigned imports on this line." source="com.puppycrawl.tools.checkstyle.checks.imports.CustomImportOrderCheck"/>
</file>
<file name="C:\Users\Ashutosh\Downloads\drools-distribution-7.47.0.Final\examples\sources\src\main\java\org\drools\games\invaders\Invaders3Main.java">
<error line="23" severity="error" message="Import statement for &apos;java.util.concurrent.ExecutorService&apos; is in the wrong order. Should be in the &apos;STANDARD_JAVA_PACKAGE&apos; group, expecting not assigned imports on this line." source="com.puppycrawl.tools.checkstyle.checks.imports.CustomImportOrderCheck"/>
<error line="24" severity="error" message="Import statement for &apos;java.util.concurrent.Executors&apos; is in the wrong order. Should be in the &apos;STANDARD_JAVA_PACKAGE&apos; group, expecting not assigned imports on this line." source="com.puppycrawl.tools.checkstyle.checks.imports.CustomImportOrderCheck"/>
</file>
<file name="C:\Users\Ashutosh\Downloads\drools-distribution-7.47.0.Final\examples\sources\src\main\java\org\drools\games\invaders\Invaders4Main.java">
<error line="23" severity="error" message="Import statement for &apos;java.util.concurrent.ExecutorService&apos; is in the wrong order. Should be in the &apos;STANDARD_JAVA_PACKAGE&apos; group, expecting not assigned imports on this line." source="com.puppycrawl.tools.checkstyle.checks.imports.CustomImportOrderCheck"/>
<error line="24" severity="error" message="Import statement for &apos;java.util.concurrent.Executors&apos; is in the wrong order. Should be in the &apos;STANDARD_JAVA_PACKAGE&apos; group, expecting not assigned imports on this line." source="com.puppycrawl.tools.checkstyle.checks.imports.CustomImportOrderCheck"/>
</file>
<file name="C:\Users\Ashutosh\Downloads\drools-distribution-7.47.0.Final\examples\sources\src\main\java\org\drools\games\invaders\Invaders5Main.java">
<error line="23" severity="error" message="Import statement for &apos;java.util.concurrent.ExecutorService&apos; is in the wrong order. Should be in the &apos;STANDARD_JAVA_PACKAGE&apos; group, expecting not assigned imports on this line." source="com.puppycrawl.tools.checkstyle.checks.imports.CustomImportOrderCheck"/>
<error line="24" severity="error" message="Import statement for &apos;java.util.concurrent.Executors&apos; is in the wrong order. Should be in the &apos;STANDARD_JAVA_PACKAGE&apos; group, expecting not assigned imports on this line." source="com.puppycrawl.tools.checkstyle.checks.imports.CustomImportOrderCheck"/>
</file>
<file name="C:\Users\Ashutosh\Downloads\drools-distribution-7.47.0.Final\examples\sources\src\main\java\org\drools\games\invaders\Invaders6Main.java">
<error line="23" severity="error" message="Import statement for &apos;java.util.concurrent.ExecutorService&apos; is in the wrong order. Should be in the &apos;STANDARD_JAVA_PACKAGE&apos; group, expecting not assigned imports on this line." source="com.puppycrawl.tools.checkstyle.checks.imports.CustomImportOrderCheck"/>
<error line="24" severity="error" message="Import statement for &apos;java.util.concurrent.Executors&apos; is in the wrong order. Should be in the &apos;STANDARD_JAVA_PACKAGE&apos; group, expecting not assigned imports on this line." source="com.puppycrawl.tools.checkstyle.checks.imports.CustomImportOrderCheck"/>
</file>
<file name="C:\Users\Ashutosh\Downloads\drools-distribution-7.47.0.Final\examples\sources\src\main\java\org\drools\games\invaders\InvadersConfiguration.java">
</file>
<file name="C:\Users\Ashutosh\Downloads\drools-distribution-7.47.0.Final\examples\sources\src\main\java\org\drools\games\invaders\Ship.java">
</file>
<file name="C:\Users\Ashutosh\Downloads\drools-distribution-7.47.0.Final\examples\sources\src\main\java\org\drools\games\invaders\Unit.java">
</file>
<file name="C:\Users\Ashutosh\Downloads\drools-distribution-7.47.0.Final\examples\sources\src\main\java\org\drools\games\KeyPressed.java">
</file>
<file name="C:\Users\Ashutosh\Downloads\drools-distribution-7.47.0.Final\examples\sources\src\main\java\org\drools\games\numberguess\Game.java">
</file>
<file name="C:\Users\Ashutosh\Downloads\drools-distribution-7.47.0.Final\examples\sources\src\main\java\org\drools\games\numberguess\GameRules.java">
</file>
<file name="C:\Users\Ashutosh\Downloads\drools-distribution-7.47.0.Final\examples\sources\src\main\java\org\drools\games\numberguess\Guess.java">
</file>
<file name="C:\Users\Ashutosh\Downloads\drools-distribution-7.47.0.Final\examples\sources\src\main\java\org\drools\games\numberguess\NumberGuessMain.java">
</file>
<file name="C:\Users\Ashutosh\Downloads\drools-distribution-7.47.0.Final\examples\sources\src\main\java\org\drools\games\numberguess\RandomNumber.java">
</file>
<file name="C:\Users\Ashutosh\Downloads\drools-distribution-7.47.0.Final\examples\sources\src\main\java\org\drools\games\pong\Ball.java">
</file>
<file name="C:\Users\Ashutosh\Downloads\drools-distribution-7.47.0.Final\examples\sources\src\main\java\org\drools\games\pong\Bat.java">
</file>
<file name="C:\Users\Ashutosh\Downloads\drools-distribution-7.47.0.Final\examples\sources\src\main\java\org\drools\games\pong\Collision.java">
<error line="57" severity="error" message="&apos;if&apos; construct must use &apos;{}&apos;s." source="com.puppycrawl.tools.checkstyle.checks.blocks.NeedBracesCheck"/>
<error line="58" severity="error" message="&apos;if&apos; construct must use &apos;{}&apos;s." source="com.puppycrawl.tools.checkstyle.checks.blocks.NeedBracesCheck"/>
<error line="59" severity="error" message="&apos;if&apos; construct must use &apos;{}&apos;s." source="com.puppycrawl.tools.checkstyle.checks.blocks.NeedBracesCheck"/>
<error line="62" severity="error" message="&apos;if&apos; construct must use &apos;{}&apos;s." source="com.puppycrawl.tools.checkstyle.checks.blocks.NeedBracesCheck"/>
<error line="63" severity="error" message="&apos;if&apos; construct must use &apos;{}&apos;s." source="com.puppycrawl.tools.checkstyle.checks.blocks.NeedBracesCheck"/>
<error line="64" severity="error" message="&apos;if&apos; construct must use &apos;{}&apos;s." source="com.puppycrawl.tools.checkstyle.checks.blocks.NeedBracesCheck"/>
</file>
<file name="C:\Users\Ashutosh\Downloads\drools-distribution-7.47.0.Final\examples\sources\src\main\java\org\drools\games\pong\CollisionType.java">
</file>
<file name="C:\Users\Ashutosh\Downloads\drools-distribution-7.47.0.Final\examples\sources\src\main\java\org\drools\games\pong\Player.java">
</file>
<file name="C:\Users\Ashutosh\Downloads\drools-distribution-7.47.0.Final\examples\sources\src\main\java\org\drools\games\pong\PlayerId.java">
</file>
<file name="C:\Users\Ashutosh\Downloads\drools-distribution-7.47.0.Final\examples\sources\src\main\java\org\drools\games\pong\PointWin.java">
</file>
<file name="C:\Users\Ashutosh\Downloads\drools-distribution-7.47.0.Final\examples\sources\src\main\java\org\drools\games\pong\PongConfiguration.java">
</file>
<file name="C:\Users\Ashutosh\Downloads\drools-distribution-7.47.0.Final\examples\sources\src\main\java\org\drools\games\pong\PongGame.java">
</file>
<file name="C:\Users\Ashutosh\Downloads\drools-distribution-7.47.0.Final\examples\sources\src\main\java\org\drools\games\pong\PongMain.java">
<error line="23" severity="error" message="Import statement for &apos;java.util.concurrent.ExecutorService&apos; is in the wrong order. Should be in the &apos;STANDARD_JAVA_PACKAGE&apos; group, expecting not assigned imports on this line." source="com.puppycrawl.tools.checkstyle.checks.imports.CustomImportOrderCheck"/>
<error line="24" severity="error" message="Import statement for &apos;java.util.concurrent.Executors&apos; is in the wrong order. Should be in the &apos;STANDARD_JAVA_PACKAGE&apos; group, expecting not assigned imports on this line." source="com.puppycrawl.tools.checkstyle.checks.imports.CustomImportOrderCheck"/>
</file>
<file name="C:\Users\Ashutosh\Downloads\drools-distribution-7.47.0.Final\examples\sources\src\main\java\org\drools\games\pong\PongUI.java">
<error line="18" severity="error" message="Using the &apos;.*&apos; form of import should be avoided - java.awt.*." source="com.puppycrawl.tools.checkstyle.checks.imports.AvoidStarImportCheck"/>
<error line="19" column="8" severity="error" message="Unused import - java.awt.event.KeyEvent." source="com.puppycrawl.tools.checkstyle.checks.imports.UnusedImportsCheck"/>
<error line="20" column="8" severity="error" message="Unused import - java.awt.event.KeyListener." source="com.puppycrawl.tools.checkstyle.checks.imports.UnusedImportsCheck"/>
<error line="21" column="8" severity="error" message="Unused import - java.awt.event.MouseEvent." source="com.puppycrawl.tools.checkstyle.checks.imports.UnusedImportsCheck"/>
<error line="22" column="8" severity="error" message="Unused import - java.awt.event.MouseListener." source="com.puppycrawl.tools.checkstyle.checks.imports.UnusedImportsCheck"/>
<error line="25" column="8" severity="error" message="Unused import - java.awt.event.WindowListener." source="com.puppycrawl.tools.checkstyle.checks.imports.UnusedImportsCheck"/>
<error line="28" column="8" severity="error" message="Unused import - java.awt.image.BufferedImage." source="com.puppycrawl.tools.checkstyle.checks.imports.UnusedImportsCheck"/>
<error line="30" severity="error" message="Using the &apos;.*&apos; form of import should be avoided - javax.swing.*." source="com.puppycrawl.tools.checkstyle.checks.imports.AvoidStarImportCheck"/>
<error line="35" column="8" severity="error" message="Unused import - org.kie.internal.runtime.StatefulKnowledgeSession." source="com.puppycrawl.tools.checkstyle.checks.imports.UnusedImportsCheck"/>
<error line="36" severity="error" message="Wrong lexicographical order for &apos;org.kie.api.runtime.rule.FactHandle&apos; import. Should be before &apos;org.kie.internal.runtime.StatefulKnowledgeSession&apos;." source="com.puppycrawl.tools.checkstyle.checks.imports.CustomImportOrderCheck"/>
<error line="36" column="8" severity="error" message="Unused import - org.kie.api.runtime.rule.FactHandle." source="com.puppycrawl.tools.checkstyle.checks.imports.UnusedImportsCheck"/>
<error line="37" severity="error" message="Wrong lexicographical order for &apos;org.kie.api.runtime.rule.EntryPoint&apos; import. Should be before &apos;org.kie.internal.runtime.StatefulKnowledgeSession&apos;." source="com.puppycrawl.tools.checkstyle.checks.imports.CustomImportOrderCheck"/>
<error line="37" column="8" severity="error" message="Unused import - org.kie.api.runtime.rule.EntryPoint." source="com.puppycrawl.tools.checkstyle.checks.imports.UnusedImportsCheck"/>
</file>
<file name="C:\Users\Ashutosh\Downloads\drools-distribution-7.47.0.Final\examples\sources\src\main\java\org\drools\games\Run.java">
</file>
<file name="C:\Users\Ashutosh\Downloads\drools-distribution-7.47.0.Final\examples\sources\src\main\java\org\drools\games\wumpus\Arrow.java">
</file>
<file name="C:\Users\Ashutosh\Downloads\drools-distribution-7.47.0.Final\examples\sources\src\main\java\org\drools\games\wumpus\Cell.java">
</file>
<file name="C:\Users\Ashutosh\Downloads\drools-distribution-7.47.0.Final\examples\sources\src\main\java\org\drools\games\wumpus\ClimbCommand.java">
</file>
<file name="C:\Users\Ashutosh\Downloads\drools-distribution-7.47.0.Final\examples\sources\src\main\java\org\drools\games\wumpus\Command.java">
</file>
<file name="C:\Users\Ashutosh\Downloads\drools-distribution-7.47.0.Final\examples\sources\src\main\java\org\drools\games\wumpus\Direction.java">
</file>
<file name="C:\Users\Ashutosh\Downloads\drools-distribution-7.47.0.Final\examples\sources\src\main\java\org\drools\games\wumpus\EndEvent.java">
</file>
<file name="C:\Users\Ashutosh\Downloads\drools-distribution-7.47.0.Final\examples\sources\src\main\java\org\drools\games\wumpus\EndGameEvent.java">
</file>
<file name="C:\Users\Ashutosh\Downloads\drools-distribution-7.47.0.Final\examples\sources\src\main\java\org\drools\games\wumpus\EndNewTurnEvent.java">
</file>
<file name="C:\Users\Ashutosh\Downloads\drools-distribution-7.47.0.Final\examples\sources\src\main\java\org\drools\games\wumpus\FeelBreeze.java">
</file>
<file name="C:\Users\Ashutosh\Downloads\drools-distribution-7.47.0.Final\examples\sources\src\main\java\org\drools\games\wumpus\FeelBump.java">
</file>
<file name="C:\Users\Ashutosh\Downloads\drools-distribution-7.47.0.Final\examples\sources\src\main\java\org\drools\games\wumpus\Gold.java">
</file>
<file name="C:\Users\Ashutosh\Downloads\drools-distribution-7.47.0.Final\examples\sources\src\main\java\org\drools\games\wumpus\GoldWin.java">
</file>
<file name="C:\Users\Ashutosh\Downloads\drools-distribution-7.47.0.Final\examples\sources\src\main\java\org\drools\games\wumpus\GrabCommand.java">
</file>
<file name="C:\Users\Ashutosh\Downloads\drools-distribution-7.47.0.Final\examples\sources\src\main\java\org\drools\games\wumpus\HearScream.java">
</file>
<file name="C:\Users\Ashutosh\Downloads\drools-distribution-7.47.0.Final\examples\sources\src\main\java\org\drools\games\wumpus\Hero.java">
</file>
<file name="C:\Users\Ashutosh\Downloads\drools-distribution-7.47.0.Final\examples\sources\src\main\java\org\drools\games\wumpus\Init.java">
</file>
<file name="C:\Users\Ashutosh\Downloads\drools-distribution-7.47.0.Final\examples\sources\src\main\java\org\drools\games\wumpus\Move.java">
</file>
<file name="C:\Users\Ashutosh\Downloads\drools-distribution-7.47.0.Final\examples\sources\src\main\java\org\drools\games\wumpus\MoveCommand.java">
</file>
<file name="C:\Users\Ashutosh\Downloads\drools-distribution-7.47.0.Final\examples\sources\src\main\java\org\drools\games\wumpus\MoveEvent.java">
</file>
<file name="C:\Users\Ashutosh\Downloads\drools-distribution-7.47.0.Final\examples\sources\src\main\java\org\drools\games\wumpus\Pit.java">
<error line="42" severity="error" message="&apos;if&apos; construct must use &apos;{}&apos;s." source="com.puppycrawl.tools.checkstyle.checks.blocks.NeedBracesCheck"/>
<error line="43" severity="error" message="&apos;if&apos; construct must use &apos;{}&apos;s." source="com.puppycrawl.tools.checkstyle.checks.blocks.NeedBracesCheck"/>
<error line="44" severity="error" message="&apos;if&apos; construct must use &apos;{}&apos;s." source="com.puppycrawl.tools.checkstyle.checks.blocks.NeedBracesCheck"/>
<error line="46" severity="error" message="&apos;if&apos; construct must use &apos;{}&apos;s." source="com.puppycrawl.tools.checkstyle.checks.blocks.NeedBracesCheck"/>
<error line="47" severity="error" message="&apos;if&apos; construct must use &apos;{}&apos;s." source="com.puppycrawl.tools.checkstyle.checks.blocks.NeedBracesCheck"/>
</file>
<file name="C:\Users\Ashutosh\Downloads\drools-distribution-7.47.0.Final\examples\sources\src\main\java\org\drools\games\wumpus\PitDeath.java">
</file>
<file name="C:\Users\Ashutosh\Downloads\drools-distribution-7.47.0.Final\examples\sources\src\main\java\org\drools\games\wumpus\Play.java">
</file>
<file name="C:\Users\Ashutosh\Downloads\drools-distribution-7.47.0.Final\examples\sources\src\main\java\org\drools\games\wumpus\Reset.java">
</file>
<file name="C:\Users\Ashutosh\Downloads\drools-distribution-7.47.0.Final\examples\sources\src\main\java\org\drools\games\wumpus\Score.java">
</file>
<file name="C:\Users\Ashutosh\Downloads\drools-distribution-7.47.0.Final\examples\sources\src\main\java\org\drools\games\wumpus\SeeGlitter.java">
</file>
<file name="C:\Users\Ashutosh\Downloads\drools-distribution-7.47.0.Final\examples\sources\src\main\java\org\drools\games\wumpus\Sensor.java">
</file>
<file name="C:\Users\Ashutosh\Downloads\drools-distribution-7.47.0.Final\examples\sources\src\main\java\org\drools\games\wumpus\SensorArray.java">
</file>
<file name="C:\Users\Ashutosh\Downloads\drools-distribution-7.47.0.Final\examples\sources\src\main\java\org\drools\games\wumpus\ShootCommand.java">
</file>
<file name="C:\Users\Ashutosh\Downloads\drools-distribution-7.47.0.Final\examples\sources\src\main\java\org\drools\games\wumpus\SmellStench.java">
</file>
<file name="C:\Users\Ashutosh\Downloads\drools-distribution-7.47.0.Final\examples\sources\src\main\java\org\drools\games\wumpus\Start.java">
</file>
<file name="C:\Users\Ashutosh\Downloads\drools-distribution-7.47.0.Final\examples\sources\src\main\java\org\drools\games\wumpus\StartEvent.java">
</file>
<file name="C:\Users\Ashutosh\Downloads\drools-distribution-7.47.0.Final\examples\sources\src\main\java\org\drools\games\wumpus\StartGameEvent.java">
</file>
<file name="C:\Users\Ashutosh\Downloads\drools-distribution-7.47.0.Final\examples\sources\src\main\java\org\drools\games\wumpus\StartNewTurnEvent.java">
</file>
<file name="C:\Users\Ashutosh\Downloads\drools-distribution-7.47.0.Final\examples\sources\src\main\java\org\drools\games\wumpus\Thing.java">
</file>
<file name="C:\Users\Ashutosh\Downloads\drools-distribution-7.47.0.Final\examples\sources\src\main\java\org\drools\games\wumpus\view\GameUI.java">
<error line="18" severity="error" message="Using the &apos;.*&apos; form of import should be avoided - java.awt.*." source="com.puppycrawl.tools.checkstyle.checks.imports.AvoidStarImportCheck"/>
<error line="21" column="8" severity="error" message="Unused import - java.awt.image.BufferedImage." source="com.puppycrawl.tools.checkstyle.checks.imports.UnusedImportsCheck"/>
</file>
<file name="C:\Users\Ashutosh\Downloads\drools-distribution-7.47.0.Final\examples\sources\src\main\java\org\drools\games\wumpus\view\GameView.java">
</file>
<file name="C:\Users\Ashutosh\Downloads\drools-distribution-7.47.0.Final\examples\sources\src\main\java\org\drools\games\wumpus\Wumpus.java">
</file>
<file name="C:\Users\Ashutosh\Downloads\drools-distribution-7.47.0.Final\examples\sources\src\main\java\org\drools\games\wumpus\WumpusDeath.java">
</file>
<file name="C:\Users\Ashutosh\Downloads\drools-distribution-7.47.0.Final\examples\sources\src\main\java\org\drools\games\wumpus\WumpusWorldConfiguration.java">
</file>
<file name="C:\Users\Ashutosh\Downloads\drools-distribution-7.47.0.Final\examples\sources\src\main\java\org\drools\games\wumpus\WumpusWorldMain.java">
</file>
</checkstyle>
